  SYSTBL  arch/x86/entry/syscalls/../../include/generated/asm/syscalls_64.h
  SYSHDR  arch/x86/entry/syscalls/../../include/generated/asm/unistd_64_x32.h
  SYSHDR  arch/x86/entry/syscalls/../../include/generated/uapi/asm/unistd_64.h
  SYSHDR  arch/x86/entry/syscalls/../../include/generated/uapi/asm/unistd_x32.h
  CHK     include/config/kernel.release
  CHK     include/generated/uapi/linux/version.h
  CHK     include/generated/utsrelease.h
  CHK     include/generated/timeconst.h
  CHK     include/generated/bounds.h
  CC      arch/x86/kernel/asm-offsets.s
  CHK     include/generated/asm-offsets.h
  UPD     include/generated/asm-offsets.h
  CALL    scripts/checksyscalls.sh
  CC      init/main.o
  CHK     include/generated/compile.h
  CC      init/do_mounts.o
  AS      arch/x86/entry/entry_64.o
  CC      arch/x86/entry/syscall_64.o
  CC      arch/x86/entry/common.o
  CC      init/do_mounts_initrd.o
  CC      init/do_mounts_md.o
  CC      init/initramfs.o
  CC      arch/x86/entry/vdso/vma.o
  CC      init/init_task.o
  CC      arch/x86/entry/vdso/vclock_gettime.o
  CC      kernel/fork.o
  AS      arch/x86/entry/vdso/vdso32/sigreturn.o
  CC      init/version.o
  LD      init/mounts.o
  LD      init/built-in.o
  VDSO    arch/x86/entry/vdso/vdso64.so.dbg
  CC      mm/filemap.o
  VDSO    arch/x86/entry/vdso/vdso32.so.dbg
  OBJCOPY arch/x86/entry/vdso/vdso64.so
  OBJCOPY arch/x86/entry/vdso/vdso32.so
  VDSO2C  arch/x86/entry/vdso/vdso-image-64.c
  VDSO2C  arch/x86/entry/vdso/vdso-image-32.c
  CC      arch/x86/entry/vdso/vdso-image-64.o
  CC      arch/x86/entry/vdso/vdso-image-32.o
  CC      kernel/exec_domain.o
  LD      arch/x86/entry/vdso/built-in.o
  CC      arch/x86/entry/vsyscall/vsyscall_64.o
  CC      kernel/panic.o
  AS      arch/x86/entry/vsyscall/vsyscall_emu_64.o
  LD      arch/x86/entry/vsyscall/built-in.o
  AS      arch/x86/entry/entry_64_compat.o
  CC      mm/mempool.o
  CC      arch/x86/entry/syscall_32.o
  CC      kernel/cpu.o
  LD      arch/x86/entry/built-in.o
  CC      arch/x86/events/core.o
  CC      mm/oom_kill.o
  CC      kernel/exit.o
  CC      mm/maccess.o
  CC      arch/x86/events/amd/core.o
  CC      mm/page_alloc.o
  CC      arch/x86/events/amd/uncore.o
  CC      kernel/softirq.o
  CC      arch/x86/events/amd/ibs.o
  CC      kernel/resource.o
  CC      arch/x86/events/msr.o
  CC      arch/x86/events/amd/iommu.o
  CC      kernel/sysctl.o
  CC      mm/page-writeback.o
  CC      arch/x86/events/intel/core.o
  CC      kernel/sysctl_binary.o
  CC      arch/x86/events/intel/bts.o
  CC      mm/readahead.o
  CC      kernel/capability.o
  CC      arch/x86/events/intel/cqm.o
  CC      mm/swap.o
  CC      kernel/ptrace.o
  CC      arch/x86/events/intel/ds.o
  CC      mm/truncate.o
  CC      kernel/user.o
  CC      arch/x86/events/intel/knc.o
  CC      kernel/signal.o
  CC      mm/vmscan.o
  CC      arch/x86/events/intel/lbr.o
  CC      arch/x86/events/intel/p4.o
  CC      arch/x86/events/intel/p6.o
  CC      kernel/sys.o
  CC      arch/x86/events/intel/pt.o
  CC      mm/shmem.o
  CC      arch/x86/events/intel/rapl.o
  CC      kernel/kmod.o
  CC      arch/x86/events/intel/uncore.o
  CC      kernel/workqueue.o
  CC      arch/x86/events/intel/uncore_nhmex.o
  CC      mm/util.o
  CC      mm/vmstat.o
  CC      arch/x86/events/intel/uncore_snb.o
  CC      kernel/pid.o
  CC      arch/x86/events/intel/uncore_snbep.o
  CC      kernel/task_work.o
  CC      mm/backing-dev.o
  CC      kernel/extable.o
  CC      arch/x86/events/intel/cstate.o
  CC      mm/mm_init.o
  CC      kernel/params.o
  LD      arch/x86/events/intel/intel-rapl-perf.o
  LD      arch/x86/events/intel/intel-uncore.o
  LD      arch/x86/events/intel/intel-cstate.o
  LD      arch/x86/events/intel/built-in.o
  LD      arch/x86/events/built-in.o
  CC      arch/x86/ia32/sys_ia32.o
  CC      mm/mmu_context.o
  CC      kernel/kthread.o
  CC      arch/x86/ia32/ia32_signal.o
  CC      mm/percpu.o
  CC      kernel/sys_ni.o
  CC      kernel/nsproxy.o
  LD      arch/x86/ia32/built-in.o
  CC      arch/x86/kernel/process_64.o
  CC      mm/slab_common.o
  CC      kernel/notifier.o
  CC      kernel/ksysfs.o
  CC      arch/x86/kernel/signal.o
  CC      kernel/cred.o
  CC      mm/compaction.o
  CC      arch/x86/kernel/signal_compat.o
  CC      kernel/reboot.o
  CC      arch/x86/kernel/traps.o
  CC      kernel/async.o
  CC      kernel/smpboot.o
  CC      mm/vmacache.o
  CC      arch/x86/kernel/irq.o
  CC      kernel/ucount.o
  CC      mm/interval_tree.o
  CC      kernel/groups.o
  CC      mm/list_lru.o
  CC      arch/x86/kernel/irq_64.o
  CC      arch/x86/kernel/dumpstack_64.o
  CC      kernel/bpf/core.o
  CC      mm/workingset.o
  CC      arch/x86/kernel/ioport.o
  CC      mm/debug.o
  CC      arch/x86/kernel/dumpstack.o
  CC      mm/gup.o
  LD      kernel/bpf/built-in.o
  CC      kernel/events/core.o
  CC      arch/x86/kernel/nmi.o
  CC      mm/highmem.o
  CC      mm/memory.o
  CC      arch/x86/kernel/ldt.o
  CC      arch/x86/kernel/setup.o
  CC      arch/x86/kernel/x86_init.o
  CC      mm/mincore.o
  CC      arch/x86/kernel/i8259.o
  CC      mm/mlock.o
  CC      arch/x86/kernel/irqinit.o
  CC      kernel/events/ring_buffer.o
  CC      mm/mmap.o
  CC      arch/x86/kernel/jump_label.o
  CC      arch/x86/kernel/probe_roms.o
  CC      kernel/events/callchain.o
  CC      arch/x86/kernel/sys_x86_64.o
  CC      kernel/events/hw_breakpoint.o
  CC      arch/x86/kernel/espfix_64.o
  CC      mm/mprotect.o
  LD      kernel/events/built-in.o
  CC      kernel/irq/irqdesc.o
  CC      arch/x86/kernel/ksysfs.o
  CC      mm/mremap.o
  CC      kernel/irq/handle.o
  CC      arch/x86/kernel/bootflag.o
  CC      kernel/irq/manage.o
  CC      arch/x86/kernel/e820.o
  CC      mm/msync.o
  CC      mm/rmap.o
  CC      arch/x86/kernel/pci-dma.o
  CC      kernel/irq/spurious.o
  CC      kernel/irq/resend.o
  CC      mm/vmalloc.o
  CC      kernel/irq/chip.o
  CC      arch/x86/kernel/quirks.o
  CC      kernel/irq/dummychip.o
  CC      arch/x86/kernel/topology.o
  CC      kernel/irq/devres.o
  CC      kernel/irq/autoprobe.o
  CC      arch/x86/kernel/kdebugfs.o
  CC      mm/pagewalk.o
  CC      kernel/irq/irqdomain.o
  CC      arch/x86/kernel/alternative.o
  CC      mm/pgtable-generic.o
  CC      arch/x86/kernel/pci-nommu.o
  CC      kernel/irq/proc.o
  CC      mm/process_vm_access.o
  CC      arch/x86/kernel/hw_breakpoint.o
  CC      kernel/irq/migration.o
  CC      mm/nobootmem.o
  CC      kernel/irq/pm.o
  CC      arch/x86/kernel/tsc.o
  CC      kernel/irq/msi.o
  CC      mm/fadvise.o
  CC      kernel/irq/affinity.o
  CC      mm/madvise.o
  CC      arch/x86/kernel/rtc.o
  LD      kernel/irq/built-in.o
  CC      kernel/locking/mutex.o
  CC      arch/x86/kernel/pci-iommu_table.o
  CC      mm/memblock.o
  CC      arch/x86/kernel/process.o
  CC      kernel/locking/semaphore.o
  CC      mm/page_io.o
  CC      kernel/locking/rwsem.o
  CC      arch/x86/kernel/acpi/boot.o
  CC      kernel/locking/percpu-rwsem.o
  CC      kernel/locking/osq_lock.o
  CC      mm/swap_state.o
  CC      kernel/locking/rtmutex.o
  CC      arch/x86/kernel/acpi/sleep.o
  CC      kernel/locking/rwsem-xadd.o
  AS      arch/x86/kernel/acpi/wakeup_64.o
  CC      mm/swapfile.o
  CC      arch/x86/kernel/acpi/cstate.o
  LD      kernel/locking/built-in.o
  CC      kernel/power/qos.o
  LD      arch/x86/kernel/acpi/built-in.o
  CC      arch/x86/kernel/apic/apic.o
  CC      kernel/power/main.o
  CC      mm/dmapool.o
  CC      arch/x86/kernel/apic/ipi.o
  CC      kernel/power/console.o
  CC      arch/x86/kernel/apic/vector.o
  CC      mm/hugetlb.o
  CC      kernel/power/process.o
  CC      arch/x86/kernel/apic/hw_nmi.o
  CC      kernel/power/suspend.o
  CC      arch/x86/kernel/apic/io_apic.o
  CC      kernel/power/hibernate.o
  CC      mm/mempolicy.o
  CC      kernel/power/snapshot.o
  CC      arch/x86/kernel/apic/msi.o
  CC      arch/x86/kernel/apic/htirq.o
  CC      kernel/power/swap.o
  CC      arch/x86/kernel/apic/apic_flat_64.o
  CC      mm/sparse.o
  CC      arch/x86/kernel/apic/probe_64.o
  LD      arch/x86/kernel/apic/built-in.o
  CC      mm/sparse-vmemmap.o
  CC      arch/x86/kernel/cpu/intel_cacheinfo.o
  CC      kernel/power/user.o
  CC      mm/mmu_notifier.o
  CC      arch/x86/kernel/cpu/scattered.o
  LD      kernel/power/built-in.o
  CC      arch/x86/kernel/cpu/topology.o
  CC      kernel/printk/printk.o
  CC      mm/slub.o
  CC      arch/x86/kernel/cpu/common.o
  LD      kernel/printk/built-in.o
  CC      arch/x86/kernel/cpu/match.o
  CC      kernel/rcu/update.o
  CC      arch/x86/kernel/cpu/bugs_64.o
  CC      kernel/rcu/sync.o
  CC      arch/x86/kernel/cpu/intel.o
  CC      kernel/rcu/srcu.o
  CC      arch/x86/kernel/cpu/amd.o
  CC      kernel/rcu/tree.o
  CC      mm/migrate.o
  CC      arch/x86/kernel/cpu/centaur.o
  CC      arch/x86/kernel/cpu/mcheck/mce.o
  CC      mm/early_ioremap.o
  LD      kernel/rcu/built-in.o
  CC      kernel/sched/core.o
  LD      mm/built-in.o
  CC      kernel/sched/loadavg.o
  CC      arch/x86/kernel/cpu/mcheck/mce-severity.o
  CC      kernel/sched/clock.o
  CC      arch/x86/kernel/cpu/mcheck/mce-genpool.o
  CC      kernel/sched/cputime.o
  CC      arch/x86/kernel/cpu/mcheck/mce_intel.o
  CC      kernel/sched/idle_task.o
  CC      arch/x86/kernel/cpu/mcheck/mce_amd.o
  CC      kernel/sched/fair.o
  CC      arch/x86/kernel/cpu/mcheck/therm_throt.o
  LD      arch/x86/kernel/cpu/mcheck/built-in.o
  CC      arch/x86/kernel/cpu/microcode/core.o
  CC      kernel/sched/rt.o
  CC      arch/x86/kernel/cpu/microcode/intel.o
  CC      arch/x86/kernel/cpu/microcode/intel_lib.o
  CC      kernel/sched/deadline.o
  CC      arch/x86/kernel/cpu/microcode/amd.o
  CC      arch/x86/mm/init.o
  LD      arch/x86/kernel/cpu/microcode/microcode.o
  LD      arch/x86/kernel/cpu/microcode/built-in.o
  CC      arch/x86/kernel/cpu/mtrr/main.o
  CC      kernel/sched/stop_task.o
  CC      arch/x86/mm/init_64.o
  CC      kernel/sched/wait.o
  CC      arch/x86/kernel/cpu/mtrr/if.o
  CC      kernel/sched/swait.o
  CC      arch/x86/kernel/cpu/mtrr/generic.o
  CC      kernel/sched/completion.o
  CC      arch/x86/mm/fault.o
  CC      arch/x86/kernel/cpu/mtrr/cleanup.o
  CC      kernel/sched/idle.o
  CC      kernel/sched/cpupri.o
  LD      arch/x86/kernel/cpu/mtrr/built-in.o
  CC      arch/x86/kernel/cpu/perfctr-watchdog.o
  CC      arch/x86/mm/ioremap.o
  LD      arch/x86/kernel/cpu/built-in.o
  CC      arch/x86/kernel/fpu/init.o
  CC      kernel/sched/cpudeadline.o
  CC      kernel/sched/stats.o
  CC      arch/x86/mm/extable.o
  CC      arch/x86/kernel/fpu/bugs.o
  CC      kernel/sched/cpuacct.o
  CC      arch/x86/kernel/fpu/core.o
  CC      arch/x86/mm/pageattr.o
  CC      kernel/sched/cpufreq.o
  LD      kernel/sched/built-in.o
  CC      arch/x86/kernel/fpu/regset.o
  CC      kernel/time/time.o
  CC      arch/x86/mm/mmap.o
  CC      arch/x86/mm/pat.o
  CC      arch/x86/kernel/fpu/signal.o
  CC      kernel/time/timer.o
  CC      arch/x86/kernel/fpu/xstate.o
  CC      arch/x86/mm/pgtable.o
  CC      arch/x86/mm/gup.o
  LD      arch/x86/kernel/fpu/built-in.o
  CC      arch/x86/kernel/kprobes/core.o
  CC      kernel/time/hrtimer.o
  CC      arch/x86/kernel/kprobes/opt.o
  CC      arch/x86/mm/tlb.o
  CC      kernel/time/itimer.o
  LD      arch/x86/kernel/kprobes/built-in.o
  CC      arch/x86/kernel/ptrace.o
  CC      kernel/time/posix-timers.o
  CC      arch/x86/mm/pat_rbtree.o
  CC      arch/x86/mm/hugetlbpage.o
  CC      arch/x86/kernel/tls.o
  CC      kernel/time/posix-cpu-timers.o
  CC      arch/x86/mm/numa.o
  CC      arch/x86/kernel/step.o
  CC      arch/x86/kernel/stacktrace.o
  CC      kernel/time/timekeeping.o
  CC      arch/x86/mm/amdtopology.o
  CC      arch/x86/kernel/reboot.o
  CC      arch/x86/mm/srat.o
  CC      arch/x86/mm/pkeys.o
  CC      kernel/time/ntp.o
  CC      arch/x86/kernel/msr.o
  LD      arch/x86/mm/built-in.o
  CC      arch/x86/platform/atom/pmc_atom.o
  CC      arch/x86/kernel/cpuid.o
  CC      kernel/time/clocksource.o
  CC      arch/x86/kernel/early-quirks.o
  CC      kernel/time/timer_list.o
  LD      arch/x86/platform/atom/built-in.o
  CC      arch/x86/platform/efi/quirks.o
  CC      kernel/time/posix-clock.o
  CC      arch/x86/kernel/smp.o
  CC      arch/x86/platform/efi/efi.o
  CC      kernel/time/alarmtimer.o
  CC      arch/x86/kernel/smpboot.o
  CC      kernel/time/clockevents.o
  CC      arch/x86/platform/efi/efi_64.o
  CC      arch/x86/kernel/tsc_sync.o
  CC      kernel/time/tick-common.o
  CC      arch/x86/kernel/setup_percpu.o
  LD      arch/x86/platform/efi/built-in.o
  CC      arch/x86/kernel/mpparse.o
  LD      arch/x86/platform/built-in.o
  CC      kernel/time/tick-broadcast.o
  CC      arch/x86/realmode/init.o
  CC      arch/x86/kernel/machine_kexec_64.o
  CC      kernel/time/tick-broadcast-hrtimer.o
  LD      arch/x86/realmode/built-in.o
  CC      kernel/time/tick-oneshot.o
  CC      kernel/time/tick-sched.o
  CC      kernel/time/timer_stats.o
  CC      arch/x86/kernel/crash.o
  LD      kernel/time/built-in.o
  CC      kernel/trace/trace_clock.o
  CC      arch/x86/kernel/crash_dump_64.o
  CC      fs/open.o
  CC      kernel/trace/ring_buffer.o
  CC      arch/x86/kernel/module.o
  CC      arch/x86/kernel/doublefault.o
  CC      arch/x86/kernel/early_printk.o
  CC      fs/read_write.o
  CC      arch/x86/kernel/hpet.o
  CC      kernel/trace/trace.o
  CC      arch/x86/kernel/amd_nb.o
  CC      fs/file_table.o
  CC      fs/super.o
  CC      arch/x86/kernel/pcspeaker.o
  CC      arch/x86/kernel/check.o
  CC      arch/x86/kernel/pci-swiotlb.o
  CC      fs/char_dev.o
  CC      arch/x86/kernel/sysfb.o
  CC      kernel/trace/trace_output.o
  CC      arch/x86/kernel/sysfb_efi.o
  CC      fs/stat.o
  CC      arch/x86/kernel/perf_regs.o
  CC      kernel/trace/trace_seq.o
  CC      fs/exec.o
  CC      arch/x86/kernel/unwind_frame.o
  CC      kernel/trace/trace_stat.o
  CC      arch/x86/kernel/audit_64.o
  CC      arch/x86/kernel/pci-calgary_64.o
  CC      kernel/trace/trace_printk.o
  CC      fs/pipe.o
  CC      kernel/trace/trace_sched_switch.o
  CC      arch/x86/kernel/tce_64.o
  CC      kernel/trace/trace_nop.o
  CC      fs/namei.o
  CC      arch/x86/kernel/mmconf-fam10h_64.o
  CC      kernel/trace/blktrace.o
  CC      arch/x86/kernel/head64.o
  LDS     arch/x86/kernel/vmlinux.lds
  LD      arch/x86/kernel/built-in.o
  LD      arch/x86/built-in.o
  CC      ipc/compat.o
  CC      kernel/trace/trace_events.o
  CC      ipc/util.o
  CC      fs/fcntl.o
  CC      ipc/msgutil.o
  CC      kernel/trace/trace_export.o
  CC      fs/ioctl.o
  CC      ipc/msg.o
  CC      kernel/trace/trace_event_perf.o
  CC      fs/readdir.o
  CC      ipc/sem.o
  CC      kernel/trace/trace_events_filter.o
  CC      fs/select.o
  CC      kernel/trace/trace_events_trigger.o
  CC      ipc/shm.o
  CC      fs/dcache.o
  CC      ipc/syscall.o
  CC      ipc/ipc_sysctl.o
  CC      kernel/trace/trace_kprobe.o
  CC      ipc/mqueue.o
  CC      fs/inode.o
  CC      kernel/trace/power-traces.o
  CC      ipc/compat_mq.o
  CC      kernel/trace/rpm-traces.o
  CC      fs/attr.o
  CC      ipc/namespace.o
  CC      fs/file.o
  CC      ipc/mq_sysctl.o
  CC      kernel/trace/trace_probe.o
  LD      ipc/built-in.o
  CC      security/integrity/iint.o
  CC      fs/filesystems.o
  LD      kernel/trace/built-in.o
  CC      kernel/freezer.o
  CC      security/integrity/integrity_audit.o
  CC      fs/namespace.o
  CC      kernel/profile.o
  LD      security/integrity/integrity.o
  LD      security/integrity/built-in.o
  CC      security/keys/gc.o
  CC      kernel/stacktrace.o
  CC      kernel/futex.o
  CC      security/keys/key.o
  CC      security/keys/keyring.o
  CC      fs/seq_file.o
  CC      kernel/futex_compat.o
  CC      security/keys/keyctl.o
  CC      fs/xattr.o
  CC      kernel/smp.o
  CC      security/keys/permission.o
  CC      fs/libfs.o
  CC      security/keys/process_keys.o
  CC      kernel/uid16.o
  CC      kernel/module.o
  CC      security/keys/request_key.o
  CC      fs/fs-writeback.o
  CC      security/keys/request_key_auth.o
  CC      security/keys/user_defined.o
  CC      security/keys/compat.o
  CC      security/keys/proc.o
  CC      security/keys/sysctl.o
  CC      kernel/kallsyms.o
  LD      security/keys/built-in.o
  CC      fs/pnode.o
  CC      security/selinux/avc.o
  CC      kernel/acct.o
  CC      fs/splice.o
  CC      kernel/kexec_core.o
  CC      security/selinux/hooks.o
  CC      fs/sync.o
  CC      kernel/kexec.o
  CC      fs/utimes.o
  CC      kernel/compat.o
  CC      fs/fs_struct.o
  CC      fs/statfs.o
  CC      kernel/cgroup.o
  CC      fs/fs_pin.o
  CC      security/selinux/selinuxfs.o
  CC      fs/nsfs.o
  CC      fs/buffer.o
  CC      security/selinux/netlink.o
  CC      security/selinux/nlmsgtab.o
  CC      security/selinux/netif.o
  CC      fs/block_dev.o
  CC      kernel/cgroup_freezer.o
  CC      security/selinux/netnode.o
  CC      kernel/cpuset.o
  CC      fs/direct-io.o
  CC      security/selinux/netport.o
  CC      kernel/utsname.o
  CC      kernel/pid_namespace.o
  CC      security/selinux/ss/ebitmap.o
  CC      kernel/stop_machine.o
  CC      fs/mpage.o
  CC      kernel/audit.o
  CC      fs/proc_namespace.o
  CC      security/selinux/ss/hashtab.o
  CC      security/selinux/ss/sidtab.o
  CC      fs/autofs4/init.o
  CC      fs/autofs4/inode.o
  CC      kernel/auditfilter.o
  CC      security/selinux/ss/avtab.o
  CC      fs/autofs4/root.o
  CC      kernel/auditsc.o
  CC      fs/autofs4/symlink.o
  CC      security/selinux/ss/policydb.o
  CC      fs/autofs4/waitq.o
  CC      fs/autofs4/expire.o
  CC      fs/autofs4/dev-ioctl.o
  CC      kernel/audit_watch.o
  LD      fs/autofs4/autofs4.o
  LD      fs/autofs4/built-in.o
  CC      fs/debugfs/inode.o
  CC      kernel/audit_fsnotify.o
  CC      security/selinux/ss/services.o
  CC      kernel/audit_tree.o
  CC      fs/debugfs/file.o
  CC      kernel/kprobes.o
  LD      fs/debugfs/debugfs.o
  LD      fs/debugfs/built-in.o
  CC      fs/devpts/inode.o
  LD      fs/devpts/devpts.o
  LD      fs/devpts/built-in.o
  CC [M]  fs/efivarfs/inode.o
  CC      security/selinux/ss/conditional.o
  CC      kernel/seccomp.o
  CC [M]  fs/efivarfs/file.o
  CC      kernel/relay.o
  CC [M]  fs/efivarfs/super.o
  CC      security/selinux/ss/mls.o
  CC      kernel/utsname_sysctl.o
  LD [M]  fs/efivarfs/efivarfs.o
  CC      fs/exportfs/expfs.o
  CC      security/selinux/ss/status.o
  CC      kernel/delayacct.o
  LD      fs/exportfs/exportfs.o
  LD      fs/exportfs/built-in.o
  CC      fs/ext4/balloc.o
  CC      kernel/taskstats.o
  CC      security/selinux/netlabel.o
  LD      security/selinux/selinux.o
  CC      kernel/tsacct.o
  LD      security/selinux/built-in.o
  CC      security/commoncap.o
  CC      fs/ext4/bitmap.o
  CC      kernel/tracepoint.o
  CC      kernel/elfcore.o
  CC      fs/ext4/dir.o
  CC      security/min_addr.o
  CC      kernel/irq_work.o
  CC      security/security.o
  CC      kernel/crash_dump.o
  CC      fs/ext4/file.o
  CC      kernel/jump_label.o
  CC      kernel/membarrier.o
  CC      fs/ext4/fsync.o
  CC      kernel/memremap.o
  CC      security/lsm_audit.o
  LD      kernel/built-in.o
  CC      fs/ext4/ialloc.o
  CC      crypto/api.o
  LD      security/built-in.o
  CC      block/bio.o
  CC      crypto/cipher.o
  CC      fs/ext4/inode.o
  CC      crypto/compress.o
  CC      crypto/memneq.o
  CC      block/elevator.o
  CC      crypto/crypto_wq.o
  CC      crypto/algapi.o
  CC      block/blk-core.o
  CC      crypto/scatterwalk.o
  CC      crypto/proc.o
  CC      fs/ext4/page-io.o
  CC      crypto/aead.o
  CC      fs/ext4/ioctl.o
  CC      crypto/ablkcipher.o
  CC      block/blk-tag.o
  CC      fs/ext4/namei.o
  CC      crypto/blkcipher.o
  CC      block/blk-sysfs.o
  CC      crypto/skcipher.o
  CC      block/blk-flush.o
  CC      crypto/seqiv.o
  CC      block/blk-settings.o
  CC      fs/ext4/super.o
  CC      crypto/echainiv.o
  CC      block/blk-ioc.o
  CC      crypto/ahash.o
  CC      block/blk-map.o
  CC      crypto/shash.o
  CC      block/blk-exec.o
  CC      block/blk-merge.o
  CC      crypto/akcipher.o
  CC      crypto/kpp.o
  CC      block/blk-softirq.o
  CC      crypto/algboss.o
  CC      block/blk-timeout.o
  CC      crypto/testmgr.o
  CC      block/blk-lib.o
  CC      crypto/hmac.o
  CC      block/blk-mq.o
  CC      crypto/crypto_null.o
  CC      crypto/md5.o
  CC      fs/ext4/symlink.o
  CC      crypto/sha1_generic.o
  CC      fs/ext4/hash.o
  CC      block/blk-mq-tag.o
  CC      fs/ext4/resize.o
  CC      crypto/sha256_generic.o
  CC      block/blk-mq-sysfs.o
  CC      block/blk-mq-cpumap.o
  CC      fs/ext4/extents.o
  CC      crypto/gf128mul.o
  CC      block/ioctl.o
  CC      crypto/cbc.o
  CC      block/genhd.o
  CC      crypto/ctr.o
  CC      crypto/gcm.o
  CC      block/scsi_ioctl.o
  CC      fs/ext4/ext4_jbd2.o
  CC      block/partition-generic.o
  CC      crypto/ccm.o
  CC      fs/ext4/migrate.o
  CC      block/ioprio.o
  CC      crypto/des_generic.o
  CC      block/badblocks.o
  CC      fs/ext4/mballoc.o
  CC      crypto/aes_generic.o
  CC      block/partitions/check.o
  CC      crypto/arc4.o
  CC      block/partitions/amiga.o
  CC      crypto/crc32c_generic.o
  CC      block/partitions/mac.o
  CC      crypto/authenc.o
  CC      block/partitions/msdos.o
  CC      crypto/authencesn.o
  CC      block/partitions/osf.o
  CC      fs/ext4/block_validity.o
  CC      block/partitions/sgi.o
  CC      fs/ext4/move_extent.o
  CC      crypto/rng.o
  CC      block/partitions/sun.o
  CC      crypto/drbg.o
  CC      fs/ext4/mmp.o
  CC      block/partitions/efi.o
  CC      crypto/jitterentropy-kcapi.o
  CC      fs/ext4/indirect.o
  CC      block/partitions/karma.o
  CC      crypto/ghash-generic.o
  LD      block/partitions/built-in.o
  CC      block/bounce.o
  LD      crypto/crypto.o
  LD      crypto/crypto_algapi.o
  LD      crypto/crypto_blkcipher.o
  LD      crypto/crypto_hash.o
  LD      crypto/cryptomgr.o
  LD      crypto/jitterentropy_rng.o
  LD      crypto/built-in.o
  CC      my_syscall/my_syscall.o
  CC      block/bsg.o
  CC      fs/ext4/extents_status.o
  LD      my_syscall/built-in.o
  CC      my_syscall2/my_syscall2.o
  CC      block/noop-iosched.o
  LD      my_syscall2/built-in.o
  CC      fs/ext4/xattr.o
  CC      block/deadline-iosched.o
  CC      drivers/acpi/tables.o
  CC      block/cfq-iosched.o
  CC      drivers/acpi/blacklist.o
  CC      drivers/acpi/osi.o
  CC      drivers/acpi/osl.o
  CC      fs/ext4/xattr_user.o
  CC      fs/ext4/xattr_trusted.o
  CC      fs/ext4/inline.o
  CC      drivers/acpi/utils.o
  CC      block/compat_ioctl.o
  CC      drivers/acpi/reboot.o
  CC      drivers/acpi/nvs.o
  CC      block/blk-mq-pci.o
  CC      fs/ext4/readpage.o
  CC      drivers/acpi/wakeup.o
  CC      fs/ext4/sysfs.o
  LD      block/built-in.o
  CC      sound/sound_core.o
  CC      drivers/acpi/sleep.o
  CC      fs/ext4/acl.o
  CC      sound/core/sound.o
  CC      drivers/acpi/device_sysfs.o
  CC      fs/ext4/xattr_security.o
  CC      sound/core/init.o
  LD      fs/ext4/ext4.o
  CC      drivers/acpi/device_pm.o
  LD      fs/ext4/built-in.o
  CC      fs/fat/cache.o
  CC      drivers/acpi/proc.o
  CC      fs/fat/dir.o
  CC      sound/core/memory.o
  CC      sound/core/control.o
  CC      drivers/acpi/bus.o
  CC      fs/fat/fatent.o
  CC      drivers/acpi/glue.o
  CC      fs/fat/file.o
  CC      sound/core/misc.o
  CC      drivers/acpi/scan.o
  CC      sound/core/device.o
  CC      fs/fat/inode.o
  CC      sound/core/info.o
  CC      drivers/acpi/resource.o
  CC      sound/core/info_oss.o
  CC      fs/fat/misc.o
  CC      drivers/acpi/acpi_processor.o
  CC      sound/core/isadma.o
  CC      fs/fat/nfs.o
  CC      sound/core/sound_oss.o
  CC      drivers/acpi/processor_core.o
  CC      sound/core/vmaster.o
  CC      fs/fat/namei_vfat.o
  CC      drivers/acpi/processor_pdc.o
  CC      sound/core/ctljack.o
  CC      drivers/acpi/ec.o
  CC      sound/core/jack.o
  CC      fs/fat/namei_msdos.o
  CC      sound/core/hwdep.o
  CC      drivers/acpi/dock.o
  LD      fs/fat/fat.o
  LD      fs/fat/vfat.o
  LD      fs/fat/msdos.o
  LD      fs/fat/built-in.o
  CC      drivers/acpi/pci_root.o
  CC      sound/core/timer.o
  CC      fs/hugetlbfs/inode.o
  CC      drivers/acpi/pci_link.o
  LD      fs/hugetlbfs/hugetlbfs.o
  LD      fs/hugetlbfs/built-in.o
  CC      fs/isofs/namei.o
  CC      sound/core/hrtimer.o
  CC      drivers/acpi/pci_irq.o
  CC      fs/isofs/inode.o
  CC      sound/core/pcm.o
  CC      drivers/acpi/acpi_lpss.o
  CC      drivers/acpi/acpi_apd.o
  CC      drivers/acpi/acpi_platform.o
  CC      sound/core/pcm_native.o
  CC      fs/isofs/dir.o
  CC      drivers/acpi/acpi_pnp.o
  CC      fs/isofs/util.o
  CC      drivers/acpi/power.o
  CC      fs/isofs/rock.o
  CC      drivers/acpi/event.o
  CC      fs/isofs/export.o
  CC      drivers/acpi/sysfs.o
  CC      sound/core/pcm_lib.o
  CC      fs/isofs/joliet.o
  CC      drivers/acpi/property.o
  CC      fs/isofs/compress.o
  CC      drivers/acpi/acpi_cmos_rtc.o
  CC      drivers/acpi/debugfs.o
  LD      fs/isofs/isofs.o
  CC      sound/core/pcm_misc.o
  LD      fs/isofs/built-in.o
  CC      fs/jbd2/transaction.o
  CC      drivers/acpi/numa.o
  CC      sound/core/pcm_memory.o
  CC      drivers/acpi/acpi_lpat.o
  CC      fs/jbd2/commit.o
  CC      sound/core/memalloc.o
  CC      drivers/acpi/acpica/dsargs.o
  CC      sound/core/pcm_timer.o
  CC      drivers/acpi/acpica/dscontrol.o
  CC      sound/core/sgbuf.o
  CC      drivers/acpi/acpica/dsdebug.o
  CC      sound/core/oss/mixer_oss.o
  CC      fs/jbd2/recovery.o
  CC      drivers/acpi/acpica/dsfield.o
  CC      drivers/acpi/acpica/dsinit.o
  CC      fs/jbd2/checkpoint.o
  CC      sound/core/oss/pcm_oss.o
  CC      drivers/acpi/acpica/dsmethod.o
  CC      fs/jbd2/revoke.o
  CC      drivers/acpi/acpica/dsmthdat.o
  CC      drivers/acpi/acpica/dsobject.o
  CC      fs/jbd2/journal.o
  CC      drivers/acpi/acpica/dsopcode.o
  CC      sound/core/oss/pcm_plugin.o
  CC      drivers/acpi/acpica/dsutils.o
  CC      drivers/acpi/acpica/dswexec.o
  CC      sound/core/oss/io.o
  CC      sound/core/oss/copy.o
  LD      fs/jbd2/jbd2.o
  LD      fs/jbd2/built-in.o
  CC      fs/kernfs/mount.o
  CC      drivers/acpi/acpica/dswload.o
  CC      drivers/acpi/acpica/dswload2.o
  CC      sound/core/oss/linear.o
  CC      fs/kernfs/inode.o
  CC      drivers/acpi/acpica/dswscope.o
  CC      fs/kernfs/dir.o
  CC      sound/core/oss/mulaw.o
  CC      drivers/acpi/acpica/dswstate.o
  CC      fs/kernfs/file.o
  CC      drivers/acpi/acpica/evevent.o
  CC      sound/core/oss/route.o
  CC      drivers/acpi/acpica/evgpe.o
  CC      fs/kernfs/symlink.o
  CC      sound/core/oss/rate.o
  CC      drivers/acpi/acpica/evgpeblk.o
  LD      fs/kernfs/built-in.o
  CC      fs/lockd/clntlock.o
  LD      sound/core/oss/snd-mixer-oss.o
  LD      sound/core/oss/snd-pcm-oss.o
  LD      sound/core/oss/built-in.o
  CC      drivers/acpi/acpica/evgpeinit.o
  CC      sound/core/seq/seq.o
  CC      drivers/acpi/acpica/evgpeutil.o
  CC      sound/core/seq/seq_lock.o
  CC      fs/lockd/clntproc.o
  CC      drivers/acpi/acpica/evglock.o
  CC      sound/core/seq/seq_clientmgr.o
  CC      drivers/acpi/acpica/evhandler.o
  CC      drivers/acpi/acpica/evmisc.o
  CC      fs/lockd/clntxdr.o
  CC      drivers/acpi/acpica/evregion.o
  CC      sound/core/seq/seq_memory.o
  CC      fs/lockd/host.o
  CC      drivers/acpi/acpica/evrgnini.o
  CC      sound/core/seq/seq_queue.o
  CC      drivers/acpi/acpica/evsci.o
  CC      drivers/acpi/acpica/evxface.o
  CC      fs/lockd/svc.o
  CC      sound/core/seq/seq_fifo.o
  CC      drivers/acpi/acpica/evxfevnt.o
  CC      sound/core/seq/seq_prioq.o
  CC      drivers/acpi/acpica/evxfgpe.o
  CC      sound/core/seq/seq_timer.o
  CC      fs/lockd/svclock.o
  CC      drivers/acpi/acpica/evxfregn.o
  CC      sound/core/seq/seq_system.o
  CC      drivers/acpi/acpica/exconcat.o
  CC      sound/core/seq/seq_ports.o
  CC      fs/lockd/svcshare.o
  CC      drivers/acpi/acpica/exconfig.o
  CC      sound/core/seq/seq_info.o
  CC      drivers/acpi/acpica/exconvrt.o
  CC      fs/lockd/svcproc.o
  CC      sound/core/seq/seq_device.o
  CC      drivers/acpi/acpica/excreate.o
  CC      sound/core/seq/seq_midi_event.o
  CC      drivers/acpi/acpica/exdebug.o
  CC      fs/lockd/svcsubs.o
  CC      drivers/acpi/acpica/exdump.o
  CC      sound/core/seq/oss/seq_oss.o
  CC      drivers/acpi/acpica/exfield.o
  CC      sound/core/seq/oss/seq_oss_init.o
  CC      fs/lockd/mon.o
  CC      drivers/acpi/acpica/exfldio.o
  CC      drivers/acpi/acpica/exmisc.o
  CC      sound/core/seq/oss/seq_oss_timer.o
  CC      drivers/acpi/acpica/exmutex.o
  CC      drivers/acpi/acpica/exnames.o
  CC      fs/lockd/xdr.o
  CC      sound/core/seq/oss/seq_oss_ioctl.o
  CC      drivers/acpi/acpica/exoparg1.o
  CC      drivers/acpi/acpica/exoparg2.o
  CC      sound/core/seq/oss/seq_oss_event.o
  CC      fs/lockd/clnt4xdr.o
  CC      drivers/acpi/acpica/exoparg3.o
  CC      drivers/acpi/acpica/exoparg6.o
  CC      sound/core/seq/oss/seq_oss_rw.o
  CC      fs/lockd/xdr4.o
  CC      drivers/acpi/acpica/exprep.o
  CC      sound/core/seq/oss/seq_oss_synth.o
  CC      drivers/acpi/acpica/exregion.o
  CC      drivers/acpi/acpica/exresnte.o
  CC      fs/lockd/svc4proc.o
  CC      drivers/acpi/acpica/exresolv.o
  CC      sound/core/seq/oss/seq_oss_midi.o
  CC      drivers/acpi/acpica/exresop.o
  CC      fs/lockd/procfs.o
  CC      drivers/acpi/acpica/exstore.o
  CC      sound/core/seq/oss/seq_oss_readq.o
  CC      drivers/acpi/acpica/exstoren.o
  LD      fs/lockd/lockd.o
  LD      fs/lockd/built-in.o
  CC      drivers/acpi/acpica/exstorob.o
  CC      sound/core/seq/oss/seq_oss_writeq.o
  CC      fs/nfs/client.o
  CC      drivers/acpi/acpica/exsystem.o
  LD      sound/core/seq/oss/snd-seq-oss.o
  LD      sound/core/seq/oss/built-in.o
  CC      sound/core/seq/seq_dummy.o
  CC      drivers/acpi/acpica/extrace.o
  LD      sound/core/seq/snd-seq.o
  LD      sound/core/seq/snd-seq-device.o
  LD      sound/core/seq/snd-seq-midi-event.o
  LD      sound/core/seq/snd-seq-dummy.o
  LD      sound/core/seq/built-in.o
  LD      sound/core/snd.o
  LD      sound/core/snd-hwdep.o
  CC      drivers/acpi/acpica/exutils.o
  LD      sound/core/snd-timer.o
  LD      sound/core/snd-hrtimer.o
  LD      sound/core/snd-pcm.o
  LD      sound/core/built-in.o
  CC      sound/hda/hda_bus_type.o
  CC      fs/nfs/dir.o
  CC      sound/hda/hdac_bus.o
  CC      drivers/acpi/acpica/hwacpi.o
  CC      drivers/acpi/acpica/hwesleep.o
  CC      sound/hda/hdac_device.o
  CC      drivers/acpi/acpica/hwgpe.o
  CC      sound/hda/hdac_sysfs.o
  CC      drivers/acpi/acpica/hwpci.o
  CC      sound/hda/hdac_regmap.o
  CC      drivers/acpi/acpica/hwregs.o
  CC      fs/nfs/file.o
  CC      sound/hda/hdac_controller.o
  CC      drivers/acpi/acpica/hwsleep.o
  CC      sound/hda/hdac_stream.o
  CC      drivers/acpi/acpica/hwvalid.o
  CC      drivers/acpi/acpica/hwxface.o
  CC      fs/nfs/getroot.o
  CC      drivers/acpi/acpica/hwxfsleep.o
  CC      sound/hda/array.o
  CC      drivers/acpi/acpica/nsaccess.o
  CC      sound/hda/hdmi_chmap.o
  CC      drivers/acpi/acpica/nsalloc.o
  CC      fs/nfs/inode.o
  CC      drivers/acpi/acpica/nsarguments.o
  CC      drivers/acpi/acpica/nsconvert.o
  CC      sound/hda/trace.o
  CC      drivers/acpi/acpica/nsdump.o
  CC      drivers/acpi/acpica/nseval.o
  CC      sound/hda/hdac_i915.o
  CC      drivers/acpi/acpica/nsinit.o
  LD      sound/hda/snd-hda-core.o
  LD      sound/hda/built-in.o
  CC      drivers/acpi/acpica/nsload.o
  CC      fs/nfs/super.o
  CC      drivers/acpi/acpica/nsnames.o
  CC      sound/pci/hda/hda_bind.o
  CC      drivers/acpi/acpica/nsobject.o
  CC      drivers/acpi/acpica/nsparse.o
  CC      sound/pci/hda/hda_codec.o
  CC      drivers/acpi/acpica/nspredef.o
  CC      drivers/acpi/acpica/nsprepkg.o
  CC      fs/nfs/io.o
  CC      drivers/acpi/acpica/nsrepair.o
  CC      drivers/acpi/acpica/nsrepair2.o
  CC      fs/nfs/direct.o
  CC      drivers/acpi/acpica/nssearch.o
  CC      drivers/acpi/acpica/nsutils.o
  CC      drivers/acpi/acpica/nswalk.o
  CC      sound/pci/hda/hda_jack.o
  CC      drivers/acpi/acpica/nsxfeval.o
  CC      fs/nfs/pagelist.o
  CC      drivers/acpi/acpica/nsxfname.o
  CC      sound/pci/hda/hda_auto_parser.o
  CC      drivers/acpi/acpica/nsxfobj.o
  CC      sound/pci/hda/hda_sysfs.o
  CC      drivers/acpi/acpica/psargs.o
  CC      fs/nfs/read.o
  CC      drivers/acpi/acpica/psloop.o
  CC      sound/pci/hda/hda_controller.o
  CC      drivers/acpi/acpica/psobject.o
  CC      drivers/acpi/acpica/psopcode.o
  CC      fs/nfs/symlink.o
  CC      drivers/acpi/acpica/psopinfo.o
  CC      sound/pci/hda/hda_proc.o
  CC      drivers/acpi/acpica/psparse.o
  CC      fs/nfs/unlink.o
  CC      drivers/acpi/acpica/psscope.o
  CC      sound/pci/hda/hda_hwdep.o
  CC      drivers/acpi/acpica/pstree.o
  CC      sound/pci/hda/hda_intel.o
  CC      drivers/acpi/acpica/psutils.o
  CC      fs/nfs/write.o
  CC      drivers/acpi/acpica/pswalk.o
  CC      drivers/acpi/acpica/psxface.o
  LD      sound/pci/hda/snd-hda-codec.o
  CC      drivers/acpi/acpica/rsaddr.o
  LD      sound/pci/hda/snd-hda-intel.o
  LD      sound/pci/hda/built-in.o
  CC      drivers/acpi/acpica/rscalc.o
  LD      sound/pci/built-in.o
  CC      drivers/acpi/acpica/rscreate.o
  CC      fs/nfs/namespace.o
  CC      drivers/acpi/acpica/rsdumpinfo.o
  CC      sound/last.o
  CC      drivers/acpi/acpica/rsinfo.o
  CC      drivers/acpi/acpica/rsio.o
  LD      sound/soundcore.o
  CC      fs/nfs/mount_clnt.o
  LD      sound/built-in.o
  CC      drivers/acpi/acpica/rsirq.o
  CC      arch/x86/pci/i386.o
  CC      drivers/acpi/acpica/rslist.o
  CC      fs/nfs/nfstrace.o
  CC      drivers/acpi/acpica/rsmemory.o
  CC      arch/x86/pci/init.o
  CC      drivers/acpi/acpica/rsmisc.o
  CC      arch/x86/pci/mmconfig_64.o
  CC      drivers/acpi/acpica/rsserial.o
  CC      arch/x86/pci/direct.o
  CC      drivers/acpi/acpica/rsutils.o
  CC      fs/nfs/nfsroot.o
  CC      drivers/acpi/acpica/rsxface.o
  CC      arch/x86/pci/mmconfig-shared.o
  CC      drivers/acpi/acpica/tbdata.o
  CC      drivers/acpi/acpica/tbfadt.o
  CC      fs/nfs/sysctl.o
  CC      arch/x86/pci/fixup.o
  CC      drivers/acpi/acpica/tbfind.o
  CC      drivers/acpi/acpica/tbinstal.o
  CC      arch/x86/pci/acpi.o
  CC      drivers/acpi/acpica/tbprint.o
  CC      fs/nfs/nfs2super.o
  CC      drivers/acpi/acpica/tbutils.o
  CC      arch/x86/pci/legacy.o
  CC      arch/x86/pci/irq.o
  CC      drivers/acpi/acpica/tbxface.o
  CC      fs/nfs/proc.o
  CC      drivers/acpi/acpica/tbxfload.o
  CC      arch/x86/pci/common.o
  CC      drivers/acpi/acpica/tbxfroot.o
  CC      fs/nfs/nfs2xdr.o
  CC      drivers/acpi/acpica/utaddress.o
  CC      arch/x86/pci/early.o
  CC      drivers/acpi/acpica/utalloc.o
  CC      arch/x86/pci/bus_numa.o
  CC      drivers/acpi/acpica/utascii.o
  CC      drivers/acpi/acpica/utbuffer.o
  CC      fs/nfs/nfs3super.o
  CC      arch/x86/pci/amd_bus.o
  CC      drivers/acpi/acpica/utcopy.o
  CC      drivers/acpi/acpica/utexcep.o
  LD      arch/x86/pci/built-in.o
  CC      fs/nfs/nfs3client.o
  CC      drivers/acpi/acpica/utdebug.o
  CC      arch/x86/power/cpu.o
  CC      drivers/acpi/acpica/utdecode.o
  CC      arch/x86/power/hibernate_64.o
  CC      fs/nfs/nfs3proc.o
  CC      drivers/acpi/acpica/utdelete.o
  CC      drivers/acpi/acpica/uterror.o
  AS      arch/x86/power/hibernate_asm_64.o
  LD      arch/x86/power/built-in.o
  CC      drivers/acpi/acpica/uteval.o
  CC      arch/x86/video/fbdev.o
  LD      arch/x86/video/built-in.o
  CC      fs/nfs/nfs3xdr.o
  CC      drivers/acpi/acpica/utglobal.o
  CC      net/socket.o
  CC      drivers/acpi/acpica/uthex.o
  CC      drivers/acpi/acpica/utids.o
  CC      fs/nfs/nfs3acl.o
  CC      drivers/acpi/acpica/utinit.o
  CC      drivers/acpi/acpica/utlock.o
  CC      drivers/acpi/acpica/utmath.o
  CC      fs/nfs/nfs4proc.o
  CC      drivers/acpi/acpica/utmisc.o
  CC      drivers/acpi/acpica/utmutex.o
  CC      net/802/fddi.o
  CC      drivers/acpi/acpica/utnonansi.o
  CC      drivers/acpi/acpica/utobject.o
  LD      net/802/built-in.o
  CC      drivers/acpi/acpica/utosi.o
  CC      net/core/sock.o
  CC      drivers/acpi/acpica/utownerid.o
  CC      drivers/acpi/acpica/utpredef.o
  CC      drivers/acpi/acpica/utresrc.o
  CC      fs/nfs/nfs4xdr.o
  CC      drivers/acpi/acpica/utstate.o
  CC      net/core/request_sock.o
  CC      drivers/acpi/acpica/utstring.o
  CC      drivers/acpi/acpica/utstrtoul64.o
  CC      drivers/acpi/acpica/utxface.o
  CC      net/core/skbuff.o
  CC      drivers/acpi/acpica/utxfinit.o
  CC      drivers/acpi/acpica/utxferror.o
  CC      drivers/acpi/acpica/utxfmutex.o
  LD      drivers/acpi/acpica/acpi.o
  LD      drivers/acpi/acpica/built-in.o
  CC      drivers/acpi/dptf/int340x_thermal.o
  CC      fs/nfs/nfs4state.o
  LD      drivers/acpi/dptf/built-in.o
  CC      drivers/acpi/ac.o
  CC      drivers/acpi/button.o
  CC      drivers/acpi/fan.o
  CC      net/core/datagram.o
  CC      fs/nfs/nfs4renewd.o
  CC      drivers/acpi/acpi_video.o
  CC      fs/nfs/nfs4super.o
  CC      net/core/stream.o
  CC      drivers/acpi/video_detect.o
  CC      fs/nfs/nfs4file.o
  CC      net/core/scm.o
  CC      drivers/acpi/processor_driver.o
  CC      fs/nfs/delegation.o
  CC      net/core/gen_stats.o
  CC      drivers/acpi/processor_idle.o
  CC      drivers/acpi/processor_throttling.o
  CC      net/core/gen_estimator.o
  CC      fs/nfs/nfs4idmap.o
  CC      drivers/acpi/processor_thermal.o
  CC      net/core/net_namespace.o
  CC      drivers/acpi/processor_perflib.o
  CC      drivers/acpi/container.o
  CC      fs/nfs/callback.o
  CC      drivers/acpi/thermal.o
  CC      net/core/flow_dissector.o
  CC      fs/nfs/callback_xdr.o
  CC      drivers/acpi/acpi_memhotplug.o
  CC      drivers/acpi/ioapic.o
  CC      net/core/sysctl_net_core.o
  CC      fs/nfs/callback_proc.o
  CC      drivers/acpi/battery.o
  LD      drivers/acpi/acpi.o
  LD      drivers/acpi/video.o
  LD      drivers/acpi/processor.o
  LD      drivers/acpi/built-in.o
  CC      net/core/dev.o
  CC      drivers/ata/libata-core.o
  CC      fs/nfs/nfs4namespace.o
  CC      fs/nfs/nfs4getroot.o
  CC      fs/nfs/nfs4client.o
  CC      drivers/ata/libata-scsi.o
  CC      fs/nfs/nfs4session.o
  CC      fs/nfs/dns_resolve.o
  CC      net/core/ethtool.o
  CC      drivers/ata/libata-eh.o
  CC      fs/nfs/nfs4trace.o
  CC      net/core/dev_addr_lists.o
  CC      drivers/ata/libata-transport.o
  CC      fs/nfs/nfs4sysctl.o
  CC      net/core/dst.o
  CC      drivers/ata/libata-trace.o
  CC      net/core/netevent.o
  LD      fs/nfs/nfs.o
  LD      fs/nfs/nfsv2.o
  LD      fs/nfs/nfsv3.o
  LD      fs/nfs/nfsv4.o
  LD      fs/nfs/built-in.o
  CC      fs/nfs_common/nfsacl.o
  CC      net/core/neighbour.o
  CC      drivers/ata/libata-sff.o
  CC      fs/nfs_common/grace.o
  LD      fs/nfs_common/nfs_acl.o
  LD      fs/nfs_common/built-in.o
  CC      fs/notify/fsnotify.o
  CC      drivers/ata/libata-pmp.o
  CC      fs/notify/notification.o
  CC      fs/notify/group.o
  CC      net/core/rtnetlink.o
  CC      drivers/ata/libata-acpi.o
  CC      fs/notify/inode_mark.o
  CC      fs/notify/mark.o
  CC      drivers/ata/ahci.o
  CC      fs/notify/vfsmount_mark.o
  CC      fs/notify/fdinfo.o
  CC      drivers/ata/libahci.o
  CC      fs/notify/dnotify/dnotify.o
  CC      net/core/utils.o
  LD      fs/notify/dnotify/built-in.o
  CC      fs/notify/inotify/inotify_fsnotify.o
  CC      fs/notify/inotify/inotify_user.o
  CC      net/core/link_watch.o
  CC      drivers/ata/ata_piix.o
  LD      fs/notify/inotify/built-in.o
  LD      fs/notify/built-in.o
  CC      fs/proc/task_mmu.o
  CC      net/core/filter.o
  CC      drivers/ata/pata_amd.o
  CC      drivers/ata/pata_oldpiix.o
  CC      fs/proc/inode.o
  CC      drivers/ata/pata_sch.o
  CC      fs/proc/root.o
  CC      net/core/sock_diag.o
  LD      drivers/ata/libata.o
  CC      fs/proc/base.o
  LD      drivers/ata/built-in.o
  CC      drivers/base/component.o
  CC      net/core/dev_ioctl.o
  CC      drivers/base/core.o
  CC      fs/proc/generic.o
  CC      net/core/tso.o
  CC      fs/proc/array.o
  CC      drivers/base/bus.o
  CC      net/core/sock_reuseport.o
  CC      fs/proc/fd.o
  CC      net/core/flow.o
  CC      drivers/base/dd.o
  CC      fs/proc/loadavg.o
  CC      net/core/net-sysfs.o
  CC      drivers/base/syscore.o
  CC      fs/proc/meminfo.o
  CC      fs/proc/stat.o
  CC      drivers/base/driver.o
  CC      drivers/base/class.o
  CC      fs/proc/uptime.o
  CC      net/core/net-procfs.o
  CC      fs/proc/version.o
  CC      drivers/base/platform.o
  CC      fs/proc/softirqs.o
  CC      net/core/netpoll.o
  CC      fs/proc/namespaces.o
  CC      fs/proc/self.o
  CC      drivers/base/cpu.o
  CC      fs/proc/thread_self.o
  CC      net/core/fib_rules.o
  CC      fs/proc/proc_sysctl.o
  CC      drivers/base/firmware.o
  CC      drivers/base/init.o
  CC      drivers/base/map.o
  CC      net/core/net-traces.o
  CC      fs/proc/proc_net.o
  CC      drivers/base/devres.o
  CC      drivers/base/attribute_container.o
  CC      fs/proc/kcore.o
  CC      drivers/base/transport_class.o
  CC      fs/proc/vmcore.o
  CC      drivers/base/topology.o
  CC      drivers/base/container.o
  CC      net/core/ptp_classifier.o
  CC      drivers/base/property.o
  CC      fs/proc/page.o
  CC      net/core/dst_cache.o
  LD      fs/proc/proc.o
  LD      fs/proc/built-in.o
  CC      fs/quota/dquot.o
  CC      drivers/base/cacheinfo.o
  LD      net/core/built-in.o
  CC      net/dns_resolver/dns_key.o
  CC      drivers/base/devtmpfs.o
  CC      net/dns_resolver/dns_query.o
  LD      net/dns_resolver/dns_resolver.o
  LD      net/dns_resolver/built-in.o
  CC      net/ethernet/eth.o
  CC      drivers/base/power/sysfs.o
  CC      fs/quota/quota_v2.o
  CC      drivers/base/power/generic_ops.o
  LD      net/ethernet/built-in.o
  CC      net/ipv4/route.o
  CC      fs/quota/quota_tree.o
  CC      drivers/base/power/common.o
  CC      drivers/base/power/qos.o
  CC      fs/quota/quota.o
  CC      fs/quota/compat.o
  CC      drivers/base/power/runtime.o
  CC      fs/quota/netlink.o
  LD      fs/quota/built-in.o
  CC      fs/ramfs/inode.o
  CC      net/ipv4/inetpeer.o
  CC      drivers/base/power/wakeirq.o
  CC      drivers/base/power/main.o
  CC      fs/ramfs/file-mmu.o
  CC      net/ipv4/protocol.o
  LD      fs/ramfs/ramfs.o
  LD      fs/ramfs/built-in.o
  CC      fs/sysfs/file.o
  CC      fs/sysfs/dir.o
  CC      net/ipv4/ip_input.o
  CC      drivers/base/power/wakeup.o
  CC      fs/sysfs/symlink.o
  CC      fs/sysfs/mount.o
  LD      fs/sysfs/built-in.o
  CC      drivers/base/power/trace.o
  CC      fs/tracefs/inode.o
  CC      net/ipv4/ip_fragment.o
  LD      fs/tracefs/tracefs.o
  LD      fs/tracefs/built-in.o
  CC      fs/eventpoll.o
  LD      drivers/base/power/built-in.o
  CC      drivers/base/regmap/regmap.o
  CC      net/ipv4/ip_forward.o
  CC      fs/anon_inodes.o
  CC      fs/signalfd.o
  CC      net/ipv4/ip_options.o
  CC      net/ipv4/ip_output.o
  CC      fs/timerfd.o
  CC      drivers/base/regmap/regcache.o
  CC      fs/eventfd.o
  CC      drivers/base/regmap/regcache-rbtree.o
  CC      fs/aio.o
  CC      drivers/base/regmap/regcache-lzo.o
  CC      drivers/base/regmap/regcache-flat.o
  CC      net/ipv4/ip_sockglue.o
  CC      drivers/base/regmap/regmap-debugfs.o
  CC      fs/locks.o
  CC      drivers/base/regmap/regmap-i2c.o
  LD      drivers/base/regmap/built-in.o
  CC      drivers/base/dma-mapping.o
  CC      net/ipv4/inet_hashtables.o
  CC      drivers/base/firmware_class.o
  CC      fs/compat.o
  CC      drivers/base/node.o
  CC      drivers/base/module.o
  CC      net/ipv4/inet_timewait_sock.o
  CC      drivers/base/platform-msi.o
  LD      drivers/base/built-in.o
  CC      drivers/block/loop.o
  CC      net/ipv4/inet_connection_sock.o
  CC      fs/compat_ioctl.o
  LD      drivers/block/built-in.o
  CC      drivers/cdrom/cdrom.o
  CC      net/ipv4/tcp.o
  CC      fs/binfmt_misc.o
  LD      drivers/cdrom/built-in.o
  CC      drivers/char/mem.o
  CC      fs/binfmt_script.o
  CC      fs/binfmt_elf.o
  CC      net/ipv4/tcp_input.o
  CC      drivers/char/random.o
  CC      fs/compat_binfmt_elf.o
  CC      fs/mbcache.o
  CC      drivers/char/misc.o
  CC      drivers/char/hpet.o
  CC      fs/posix_acl.o
  CC      drivers/char/nvram.o
  CC      fs/coredump.o
  CC      net/ipv4/tcp_output.o
  CC      drivers/char/agp/backend.o
  CC      fs/drop_caches.o
  CC      fs/fhandle.o
  CC      drivers/char/agp/frontend.o
  CC      fs/dcookies.o
  CC      drivers/char/agp/generic.o
  CC      net/ipv4/tcp_timer.o
  LD      fs/built-in.o
  CC      lib/parser.o
  CC      drivers/char/agp/isoch.o
  CC      net/ipv4/tcp_ipv4.o
  CC      lib/random32.o
  CC      drivers/char/agp/compat_ioctl.o
  CC      lib/kasprintf.o
  CC      drivers/char/agp/amd64-agp.o
  CC      lib/bitmap.o
  CC      drivers/char/agp/intel-agp.o
  CC      lib/scatterlist.o
  CC      net/ipv4/tcp_minisocks.o
  CC      drivers/char/agp/intel-gtt.o
  CC      lib/flex_array.o
  CC      lib/iov_iter.o
  CC      net/ipv4/tcp_cong.o
  LD      drivers/char/agp/agpgart.o
  LD      drivers/char/agp/built-in.o
  CC      drivers/char/hw_random/core.o
  LD      drivers/char/hw_random/rng-core.o
  LD      drivers/char/hw_random/built-in.o
  LD      drivers/char/built-in.o
  CC      drivers/clocksource/acpi_pm.o
  CC      net/ipv4/tcp_metrics.o
  LD      drivers/clocksource/built-in.o
  CC      drivers/connector/cn_queue.o
  CC      lib/kfifo.o
  CC      drivers/connector/connector.o
  CC      lib/percpu-refcount.o
  CC      lib/percpu_ida.o
  CC      net/ipv4/tcp_fastopen.o
  CC      drivers/connector/cn_proc.o
  CC      lib/rhashtable.o
  CC      net/ipv4/tcp_rate.o
  LD      drivers/connector/cn.o
  LD      drivers/connector/built-in.o
  CC      drivers/cpufreq/cpufreq.o
  CC      lib/once.o
  CC      lib/string_helpers.o
  CC      net/ipv4/tcp_recovery.o
  CC      lib/iomap.o
  CC      lib/pci_iomap.o
  CC      net/ipv4/tcp_offload.o
  CC      drivers/cpufreq/cpufreq_userspace.o
  CC      lib/devres.o
  CC      drivers/cpufreq/cpufreq_ondemand.o
  CC      lib/assoc_array.o
  CC      net/ipv4/datagram.o
  CC      drivers/cpufreq/cpufreq_governor.o
  CC      lib/crc32.o
  CC      net/ipv4/raw.o
  CC      drivers/cpufreq/cpufreq_governor_attr_set.o
  CC      drivers/cpufreq/acpi-cpufreq.o
  CC      lib/genalloc.o
  CC      lib/xz/xz_dec_stream.o
  LD      drivers/cpufreq/built-in.o
  CC      net/ipv4/udp.o
  CC      drivers/cpuidle/cpuidle.o
  CC      lib/xz/xz_dec_lzma2.o
  CC      drivers/cpuidle/driver.o
  CC      drivers/cpuidle/sysfs.o
  CC      lib/xz/xz_dec_bcj.o
  CC      drivers/cpuidle/governors/menu.o
  LD      lib/xz/xz_dec.o
  LD      lib/xz/built-in.o
  LD      drivers/cpuidle/governors/built-in.o
  LD      drivers/cpuidle/built-in.o
  CC      lib/zlib_inflate/infutil.o
  CC      drivers/dma/dmaengine.o
  LD      lib/zlib_inflate/zlib_inflate.o
  LD      lib/zlib_inflate/built-in.o
  CC      lib/percpu_counter.o
  CC      lib/swiotlb.o
  CC      drivers/dma/virt-dma.o
  CC      net/ipv4/udplite.o
  CC      drivers/dma/acpi-dma.o
  CC      net/ipv4/udp_offload.o
  CC      lib/iommu-common.o
  CC      drivers/dma/dw/core.o
  CC      lib/syscall.o
  CC      net/ipv4/arp.o
  CC      lib/nlattr.o
  LD      drivers/dma/dw/dw_dmac_core.o
  LD      drivers/dma/dw/built-in.o
  CC      drivers/dma/hsu/hsu.o
  CC      lib/cpu_rmap.o
  CC      net/ipv4/icmp.o
  CC      lib/strncpy_from_user.o
  LD      drivers/dma/hsu/hsu_dma.o
  LD      drivers/dma/hsu/built-in.o
  LD      drivers/dma/built-in.o
  CC      drivers/dma-buf/dma-buf.o
  CC      lib/strnlen_user.o
  CC      lib/net_utils.o
  CC      lib/sg_pool.o
  CC      net/ipv4/devinet.o
  CC      drivers/dma-buf/fence.o
  CC      lib/sbitmap.o
  CC      lib/argv_split.o
  CC      lib/bug.o
  CC      drivers/dma-buf/reservation.o
  CC      lib/chacha20.o
  CC      net/ipv4/af_inet.o
  CC      lib/cpumask.o
  CC      drivers/dma-buf/seqno-fence.o
  CC      lib/decompress_bunzip2.o
  CC      drivers/dma-buf/fence-array.o
  CC      lib/decompress_inflate.o
  LD      drivers/dma-buf/built-in.o
  CC      drivers/edac/edac_stub.o
  CC      net/ipv4/igmp.o
  CC      lib/decompress_unlz4.o
  CC      drivers/edac/mce_amd.o
  CC      lib/decompress_unlzma.o
  CC      lib/decompress_unlzo.o
  LD      drivers/edac/edac_mce_amd.o
  LD      drivers/edac/built-in.o
  CC      drivers/firewire/init_ohci1394_dma.o
  CC      lib/decompress_unxz.o
  LD      drivers/firewire/built-in.o
  CC      lib/dma-noop.o
  CC      drivers/firmware/dmi_scan.o
  CC      lib/dump_stack.o
  CC      net/ipv4/fib_frontend.o
  CC      lib/idr.o
  CC      drivers/firmware/dmi-id.o
  CC      drivers/firmware/memmap.o
  CC      lib/ioremap.o
  CC      lib/is_single_threaded.o
  CC      drivers/firmware/efi/efi.o
  CC      net/ipv4/fib_semantics.o
  CC      lib/klist.o
  CC      lib/kobject.o
  CC      drivers/firmware/efi/vars.o
  CC      lib/kobject_uevent.o
  CC      net/ipv4/fib_trie.o
  CC      drivers/firmware/efi/reboot.o
  CC      drivers/firmware/efi/memattr.o
  CC      lib/nmi_backtrace.o
  CC      drivers/firmware/efi/capsule.o
  CC      lib/radix-tree.o
  CC      net/ipv4/inet_fragment.o
  CC      drivers/firmware/efi/memmap.o
  CC      drivers/firmware/efi/efivars.o
  CC      lib/ratelimit.o
  CC      drivers/firmware/efi/esrt.o
  CC      net/ipv4/ping.o
  CC      lib/seq_buf.o
  CC      drivers/firmware/efi/runtime-map.o
  CC      lib/vsprintf.o
  CC      net/ipv4/ip_tunnel_core.o
  CC      drivers/firmware/efi/runtime-wrappers.o
  LD      drivers/firmware/efi/built-in.o
  LD      drivers/firmware/built-in.o
  CC      net/ipv4/gre_offload.o
  CC      drivers/gpu/drm/drm_crtc_helper.o
  CC      net/ipv4/ip_tunnel.o
  AR      lib/lib.a
  EXPORTS lib/lib-ksyms.o
  LD      lib/built-in.o
  CC      drivers/gpu/drm/drm_dp_helper.o
  CC      arch/x86/lib/msr.o
  CC      drivers/gpu/drm/drm_probe_helper.o
  AS      arch/x86/lib/copy_user_64.o
  CC      arch/x86/lib/csum-wrappers_64.o
  CC      net/ipv4/sysctl_net_ipv4.o
  CC      drivers/gpu/drm/drm_plane_helper.o
  CC      arch/x86/lib/delay.o
  AS      arch/x86/lib/getuser.o
  AS      arch/x86/lib/putuser.o
  CC      arch/x86/lib/usercopy.o
  CC      net/ipv4/proc.o
  CC      drivers/gpu/drm/drm_dp_mst_topology.o
  CC      arch/x86/lib/usercopy_64.o
  CC      net/ipv4/fib_rules.o
  AR      arch/x86/lib/lib.a
  EXPORTS arch/x86/lib/lib-ksyms.o
  LD      arch/x86/lib/built-in.o
  CC      drivers/gpu/vga/vgaarb.o
  CC      net/ipv4/ipmr.o
  LD      drivers/gpu/vga/built-in.o
  CC      net/ipv4/syncookies.o
  CC      drivers/gpu/drm/drm_atomic_helper.o
  CC      net/ipv4/tunnel4.o
  CC      net/ipv4/ipconfig.o
  CC      drivers/gpu/drm/drm_kms_helper_common.o
  CC      drivers/gpu/drm/drm_dp_dual_mode_helper.o
  CC      drivers/gpu/drm/drm_simple_kms_helper.o
  CC      drivers/gpu/drm/drm_modeset_helper.o
  CC      drivers/gpu/drm/drm_fb_helper.o
  CC      net/ipv4/netfilter.o
  CC      drivers/gpu/drm/drm_auth.o
  CC      net/ipv4/netfilter/nf_conntrack_l3proto_ipv4.o
  CC      net/ipv4/netfilter/nf_conntrack_proto_icmp.o
  CC      drivers/gpu/drm/drm_bufs.o
  CC      net/ipv4/netfilter/nf_defrag_ipv4.o
  CC      net/ipv4/netfilter/nf_reject_ipv4.o
  CC      net/ipv4/netfilter/ip_tables.o
  CC      drivers/gpu/drm/drm_cache.o
  CC      net/ipv4/netfilter/iptable_filter.o
  CC      drivers/gpu/drm/drm_context.o
  CC      net/ipv4/netfilter/iptable_mangle.o
  CC      net/ipv4/netfilter/ipt_REJECT.o
  CC      drivers/gpu/drm/drm_dma.o
  CC      drivers/gpu/drm/drm_fops.o
  CC [M]  net/ipv4/netfilter/nf_nat_l3proto_ipv4.o
  CC [M]  net/ipv4/netfilter/nf_nat_proto_icmp.o
  CC      drivers/gpu/drm/drm_gem.o
  CC [M]  net/ipv4/netfilter/nf_log_arp.o
  CC [M]  net/ipv4/netfilter/nf_log_ipv4.o
  CC      drivers/gpu/drm/drm_ioctl.o
  CC [M]  net/ipv4/netfilter/nf_nat_masquerade_ipv4.o
  CC [M]  net/ipv4/netfilter/iptable_nat.o
  CC      drivers/gpu/drm/drm_irq.o
  CC [M]  net/ipv4/netfilter/ipt_MASQUERADE.o
  CC      drivers/gpu/drm/drm_lock.o
  LD      net/ipv4/netfilter/nf_conntrack_ipv4.o
  LD [M]  net/ipv4/netfilter/nf_nat_ipv4.o
  LD      net/ipv4/netfilter/built-in.o
  CC      net/ipv4/tcp_cubic.o
  CC      drivers/gpu/drm/drm_memory.o
  CC      drivers/gpu/drm/drm_drv.o
  CC      drivers/gpu/drm/drm_vm.o
  CC      drivers/gpu/drm/drm_scatter.o
  CC      net/ipv4/cipso_ipv4.o
  CC      drivers/gpu/drm/drm_pci.o
  CC      drivers/gpu/drm/drm_platform.o
  CC      drivers/gpu/drm/drm_sysfs.o
  CC      drivers/gpu/drm/drm_hashtab.o
  CC      net/ipv4/xfrm4_policy.o
  CC      drivers/gpu/drm/drm_mm.o
  CC      drivers/gpu/drm/drm_crtc.o
  CC      net/ipv4/xfrm4_state.o
  CC      drivers/gpu/drm/drm_fourcc.o
  CC      drivers/gpu/drm/drm_modes.o
  CC      drivers/gpu/drm/drm_edid.o
  CC      net/ipv4/xfrm4_input.o
  CC      drivers/gpu/drm/drm_info.o
  CC      net/ipv4/xfrm4_output.o
  CC      drivers/gpu/drm/drm_debugfs.o
  CC      drivers/gpu/drm/drm_encoder_slave.o
  CC      net/ipv4/xfrm4_protocol.o
  CC      drivers/gpu/drm/drm_trace_points.o
  CC      drivers/gpu/drm/drm_global.o
  LD      net/ipv4/built-in.o
  CC      drivers/gpu/drm/drm_prime.o
  CC      drivers/gpu/drm/drm_rect.o
  CC      net/ipv6/af_inet6.o
  CC      drivers/gpu/drm/drm_vma_manager.o
  CC      drivers/gpu/drm/drm_flip_work.o
  CC      net/ipv6/anycast.o
  CC      drivers/gpu/drm/drm_modeset_lock.o
  CC      drivers/gpu/drm/drm_atomic.o
  CC      net/ipv6/ip6_output.o
  CC      drivers/gpu/drm/drm_bridge.o
  CC      drivers/gpu/drm/drm_framebuffer.o
  CC      drivers/gpu/drm/drm_connector.o
  CC      drivers/gpu/drm/drm_blend.o
  CC      drivers/gpu/drm/drm_encoder.o
  CC      drivers/gpu/drm/drm_mode_object.o
  CC      drivers/gpu/drm/drm_property.o
  CC      net/ipv6/ip6_input.o
  CC      drivers/gpu/drm/drm_plane.o
  CC      drivers/gpu/drm/drm_color_mgmt.o
  CC      net/ipv6/addrconf.o
  CC      drivers/gpu/drm/drm_ioc32.o
  CC      drivers/gpu/drm/ati_pcigart.o
  CC      drivers/gpu/drm/drm_panel.o
  CC      drivers/gpu/drm/drm_agpsupport.o
  CC      net/mac80211/main.o
  CC      drivers/gpu/drm/drm_mipi_dsi.o
  CC [M]  drivers/gpu/drm/amd/amdgpu/amdgpu_drv.o
  CC      net/ipv6/addrlabel.o
  CC      net/mac80211/status.o
  CC [M]  drivers/gpu/drm/amd/amdgpu/amdgpu_device.o
  CC      net/ipv6/route.o
  CC      net/mac80211/driver-ops.o
  CC [M]  drivers/gpu/drm/amd/amdgpu/amdgpu_kms.o
  CC [M]  drivers/gpu/drm/amd/amdgpu/amdgpu_atombios.o
  CC      net/ipv6/ip6_fib.o
  CC      net/mac80211/sta_info.o
  CC [M]  drivers/gpu/drm/amd/amdgpu/atombios_crtc.o
  CC      net/ipv6/ipv6_sockglue.o
  CC [M]  drivers/gpu/drm/amd/amdgpu/amdgpu_connectors.o
  CC      net/ipv6/ndisc.o
  CC      net/mac80211/wep.o
  CC [M]  drivers/gpu/drm/amd/amdgpu/atom.o
  CC      net/ipv6/udp.o
  CC      net/mac80211/wpa.o
  CC [M]  drivers/gpu/drm/amd/amdgpu/amdgpu_fence.o
  CC      net/ipv6/udplite.o
  CC [M]  drivers/gpu/drm/amd/amdgpu/amdgpu_ttm.o
  CC      net/mac80211/scan.o
  CC      net/ipv6/raw.o
  CC [M]  drivers/gpu/drm/amd/amdgpu/amdgpu_object.o
  CC      net/ipv6/icmp.o
  CC [M]  drivers/gpu/drm/amd/amdgpu/amdgpu_gart.o
  CC      net/mac80211/offchannel.o
  CC [M]  drivers/gpu/drm/amd/amdgpu/amdgpu_encoders.o
  CC      net/ipv6/mcast.o
  CC [M]  drivers/gpu/drm/amd/amdgpu/amdgpu_display.o
  CC      net/mac80211/ht.o
  CC [M]  drivers/gpu/drm/amd/amdgpu/amdgpu_i2c.o
  CC [M]  drivers/gpu/drm/amd/amdgpu/amdgpu_fb.o
  CC      net/mac80211/agg-tx.o
  CC      net/ipv6/reassembly.o
  CC [M]  drivers/gpu/drm/amd/amdgpu/amdgpu_gem.o
  CC      net/ipv6/tcp_ipv6.o
  CC      net/mac80211/agg-rx.o
  CC [M]  drivers/gpu/drm/amd/amdgpu/amdgpu_ring.o
  CC [M]  drivers/gpu/drm/amd/amdgpu/amdgpu_cs.o
  CC      net/mac80211/vht.o
  CC      net/ipv6/ping.o
  CC [M]  drivers/gpu/drm/amd/amdgpu/amdgpu_bios.o
  CC      net/ipv6/exthdrs.o
  CC [M]  drivers/gpu/drm/amd/amdgpu/amdgpu_benchmark.o
  CC [M]  drivers/gpu/drm/amd/amdgpu/amdgpu_test.o
  CC      net/mac80211/ibss.o
  CC      net/ipv6/datagram.o
  CC [M]  drivers/gpu/drm/amd/amdgpu/amdgpu_pm.o
  CC      net/ipv6/ip6_flowlabel.o
  CC      net/mac80211/iface.o
  CC [M]  drivers/gpu/drm/amd/amdgpu/atombios_dp.o
  CC      net/ipv6/inet6_connection_sock.o
  CC [M]  drivers/gpu/drm/amd/amdgpu/amdgpu_afmt.o
  CC      net/ipv6/udp_offload.o
  CC [M]  drivers/gpu/drm/amd/amdgpu/amdgpu_trace_points.o
  CC      net/mac80211/rate.o
  CC      net/ipv6/sysctl_net_ipv6.o
  CC [M]  drivers/gpu/drm/amd/amdgpu/atombios_encoders.o
  CC      net/ipv6/xfrm6_policy.o
  CC      net/mac80211/michael.o
  CC [M]  drivers/gpu/drm/amd/amdgpu/amdgpu_sa.o
  CC      net/ipv6/xfrm6_state.o
  CC      net/mac80211/tkip.o
  CC [M]  drivers/gpu/drm/amd/amdgpu/atombios_i2c.o
  CC      net/ipv6/xfrm6_input.o
  CC [M]  drivers/gpu/drm/amd/amdgpu/amdgpu_prime.o
  CC      net/mac80211/aes_ccm.o
  CC      net/ipv6/xfrm6_output.o
  CC [M]  drivers/gpu/drm/amd/amdgpu/amdgpu_vm.o
  CC      net/mac80211/aes_gcm.o
  CC      net/ipv6/xfrm6_protocol.o
  CC      net/mac80211/aes_cmac.o
  CC      net/ipv6/netfilter.o
  CC [M]  drivers/gpu/drm/amd/amdgpu/amdgpu_ib.o
  CC      net/mac80211/aes_gmac.o
  CC      net/ipv6/proc.o
  CC [M]  drivers/gpu/drm/amd/amdgpu/amdgpu_pll.o
  CC      net/mac80211/cfg.o
  CC [M]  drivers/gpu/drm/amd/amdgpu/amdgpu_ucode.o
  CC      net/ipv6/syncookies.o
  CC [M]  drivers/gpu/drm/amd/amdgpu/amdgpu_bo_list.o
  CC [M]  drivers/gpu/drm/amd/amdgpu/amdgpu_ctx.o
  CC      net/ipv6/calipso.o
  CC [M]  drivers/gpu/drm/amd/amdgpu/amdgpu_sync.o
  CC      net/ipv6/ah6.o
  CC      net/mac80211/ethtool.o
  CC [M]  drivers/gpu/drm/amd/amdgpu/amdgpu_gtt_mgr.o
  CC [M]  drivers/gpu/drm/amd/amdgpu/vi.o
  CC      net/ipv6/esp6.o
  CC      net/mac80211/rx.o
  CC [M]  drivers/gpu/drm/amd/amdgpu/gmc_v7_0.o
  CC      net/ipv6/xfrm6_mode_transport.o
  CC      net/ipv6/xfrm6_mode_tunnel.o
  CC [M]  drivers/gpu/drm/amd/amdgpu/gmc_v8_0.o
  CC      net/ipv6/xfrm6_mode_beet.o
  CC [M]  drivers/gpu/drm/amd/amdgpu/amdgpu_irq.o
  CC      net/ipv6/netfilter/ip6_tables.o
  CC [M]  drivers/gpu/drm/amd/amdgpu/amdgpu_ih.o
  CC      net/mac80211/spectmgmt.o
  CC [M]  drivers/gpu/drm/amd/amdgpu/iceland_ih.o
  CC      net/mac80211/tx.o
  CC      net/ipv6/netfilter/ip6table_filter.o
  CC [M]  drivers/gpu/drm/amd/amdgpu/tonga_ih.o
  CC      net/ipv6/netfilter/ip6table_mangle.o
  CC [M]  drivers/gpu/drm/amd/amdgpu/cz_ih.o
  CC      net/ipv6/netfilter/nf_conntrack_l3proto_ipv6.o
  CC [M]  drivers/gpu/drm/amd/amdgpu/amdgpu_dpm.o
  CC      net/ipv6/netfilter/nf_conntrack_proto_icmpv6.o
  CC      net/mac80211/key.o
  CC      net/ipv6/netfilter/nf_defrag_ipv6_hooks.o
  CC [M]  drivers/gpu/drm/amd/amdgpu/amdgpu_powerplay.o
  CC      net/ipv6/netfilter/nf_conntrack_reasm.o
  CC [M]  drivers/gpu/drm/amd/amdgpu/cz_smc.o
  CC      net/mac80211/util.o
  CC      net/ipv6/netfilter/nf_reject_ipv6.o
  CC [M]  drivers/gpu/drm/amd/amdgpu/cz_dpm.o
  CC      net/ipv6/netfilter/ip6t_ipv6header.o
  CC [M]  drivers/gpu/drm/amd/amdgpu/dce_v10_0.o
  CC      net/ipv6/netfilter/ip6t_REJECT.o
  CC      net/mac80211/wme.o
  CC [M]  net/ipv6/netfilter/nf_log_ipv6.o
  LD      net/ipv6/netfilter/nf_conntrack_ipv6.o
  CC      net/mac80211/chan.o
  LD      net/ipv6/netfilter/nf_defrag_ipv6.o
  LD      net/ipv6/netfilter/built-in.o
  CC      net/ipv6/sit.o
  CC [M]  drivers/gpu/drm/amd/amdgpu/dce_v11_0.o
  CC      net/ipv6/addrconf_core.o
  CC      net/mac80211/trace.o
  CC      net/ipv6/exthdrs_core.o
  CC [M]  drivers/gpu/drm/amd/amdgpu/dce_virtual.o
  CC      net/ipv6/ip6_checksum.o
  CC [M]  drivers/gpu/drm/amd/amdgpu/amdgpu_gfx.o
  CC [M]  drivers/gpu/drm/amd/amdgpu/gfx_v8_0.o
  CC      net/ipv6/ip6_icmp.o
  CC      net/ipv6/output_core.o
  CC      net/ipv6/protocol.o
  CC      net/ipv6/ip6_offload.o
  CC [M]  drivers/gpu/drm/amd/amdgpu/sdma_v2_4.o
  CC      net/ipv6/tcpv6_offload.o
  CC      net/ipv6/exthdrs_offload.o
  CC [M]  drivers/gpu/drm/amd/amdgpu/sdma_v3_0.o
  CC      net/mac80211/mlme.o
  CC      net/ipv6/inet6_hashtables.o
  CC      net/ipv6/mcast_snoop.o
  CC [M]  drivers/gpu/drm/amd/amdgpu/amdgpu_uvd.o
  LD      net/ipv6/ipv6.o
  LD      net/ipv6/built-in.o
  CC      net/netfilter/core.o
  CC [M]  drivers/gpu/drm/amd/amdgpu/uvd_v5_0.o
  CC      net/mac80211/tdls.o
  CC      net/netfilter/nf_log.o
  CC [M]  drivers/gpu/drm/amd/amdgpu/uvd_v6_0.o
  CC      net/netfilter/nf_queue.o
  CC [M]  drivers/gpu/drm/amd/amdgpu/amdgpu_vce.o
  CC      net/netfilter/nf_sockopt.o
  CC      net/mac80211/ocb.o
  CC [M]  drivers/gpu/drm/amd/amdgpu/vce_v3_0.o
  CC      net/netfilter/nfnetlink.o
  CC      net/mac80211/led.o
  CC [M]  drivers/gpu/drm/amd/amdgpu/amdgpu_amdkfd.o
  CC      net/netfilter/nfnetlink_log.o
  CC [M]  drivers/gpu/drm/amd/amdgpu/amdgpu_amdkfd_gfx_v8.o
  CC      net/mac80211/pm.o
  CC      net/netfilter/nf_conntrack_core.o
  CC [M]  drivers/gpu/drm/amd/amdgpu/amdgpu_cgs.o
  CC      net/mac80211/rc80211_minstrel.o
  CC [M]  drivers/gpu/drm/amd/amdgpu/../scheduler/gpu_scheduler.o
  CC      net/netfilter/nf_conntrack_standalone.o
  CC [M]  drivers/gpu/drm/amd/amdgpu/../scheduler/sched_fence.o
  CC [M]  drivers/gpu/drm/amd/amdgpu/amdgpu_job.o
  CC      net/netfilter/nf_conntrack_expect.o
  CC      net/mac80211/rc80211_minstrel_ht.o
  CC [M]  drivers/gpu/drm/amd/amdgpu/amdgpu_ioc32.o
  CC      net/netfilter/nf_conntrack_helper.o
  CC [M]  drivers/gpu/drm/amd/amdgpu/amdgpu_acpi.o
  LD      net/mac80211/mac80211.o
  LD      net/mac80211/built-in.o
  CC      net/netlabel/netlabel_user.o
  CC [M]  drivers/gpu/drm/amd/amdgpu/amdgpu_mn.o
  CC      net/netfilter/nf_conntrack_proto.o
  CC [M]  drivers/gpu/drm/amd/amdgpu/../powerplay/smumgr/smumgr.o
  CC      net/netlabel/netlabel_kapi.o
  CC      net/netfilter/nf_conntrack_l3proto_generic.o
  CC [M]  drivers/gpu/drm/amd/amdgpu/../powerplay/smumgr/cz_smumgr.o
  CC      net/netlabel/netlabel_domainhash.o
  CC      net/netfilter/nf_conntrack_proto_generic.o
  CC [M]  drivers/gpu/drm/amd/amdgpu/../powerplay/smumgr/tonga_smumgr.o
  CC      net/netfilter/nf_conntrack_proto_tcp.o
  CC [M]  drivers/gpu/drm/amd/amdgpu/../powerplay/smumgr/fiji_smumgr.o
  CC      net/netlabel/netlabel_addrlist.o
  CC [M]  drivers/gpu/drm/amd/amdgpu/../powerplay/smumgr/fiji_smc.o
  CC      net/netfilter/nf_conntrack_proto_udp.o
  CC      net/netlabel/netlabel_mgmt.o
  CC      net/netfilter/nf_conntrack_extend.o
  CC [M]  drivers/gpu/drm/amd/amdgpu/../powerplay/smumgr/polaris10_smumgr.o
  CC      net/netfilter/nf_conntrack_acct.o
  CC      net/netlabel/netlabel_unlabeled.o
  CC [M]  drivers/gpu/drm/amd/amdgpu/../powerplay/smumgr/iceland_smumgr.o
  CC      net/netfilter/nf_conntrack_seqadj.o
  CC      net/netlabel/netlabel_cipso_v4.o
  CC [M]  drivers/gpu/drm/amd/amdgpu/../powerplay/smumgr/polaris10_smc.o
  CC      net/netfilter/nf_conntrack_netlink.o
  CC [M]  drivers/gpu/drm/amd/amdgpu/../powerplay/smumgr/tonga_smc.o
  CC      net/netlabel/netlabel_calipso.o
  LD      net/netlabel/built-in.o
  CC      net/netlink/af_netlink.o
  CC      net/netfilter/nf_conntrack_ftp.o
  CC [M]  drivers/gpu/drm/amd/amdgpu/../powerplay/smumgr/smu7_smumgr.o
  CC      net/netfilter/nf_conntrack_irc.o
  CC      net/netlink/genetlink.o
  CC [M]  drivers/gpu/drm/amd/amdgpu/../powerplay/smumgr/iceland_smc.o
  CC      net/netfilter/nf_conntrack_sip.o
  CC [M]  drivers/gpu/drm/amd/amdgpu/../powerplay/hwmgr/hwmgr.o
  LD      net/netlink/built-in.o
  CC      net/packet/af_packet.o
  CC [M]  drivers/gpu/drm/amd/amdgpu/../powerplay/hwmgr/processpptables.o
  CC      net/netfilter/x_tables.o
  CC [M]  drivers/gpu/drm/amd/amdgpu/../powerplay/hwmgr/functiontables.o
  CC [M]  drivers/gpu/drm/amd/amdgpu/../powerplay/hwmgr/hardwaremanager.o
  CC [M]  drivers/gpu/drm/amd/amdgpu/../powerplay/hwmgr/cz_hwmgr.o
  LD      net/packet/built-in.o
  CC      net/netfilter/xt_tcpudp.o
  CC      net/rfkill/core.o
  CC [M]  drivers/gpu/drm/amd/amdgpu/../powerplay/hwmgr/process_pptables_v1_0.o
  CC      net/netfilter/xt_CONNSECMARK.o
  CC      net/rfkill/input.o
  CC [M]  drivers/gpu/drm/amd/amdgpu/../powerplay/hwmgr/ppatomctrl.o
  LD      net/rfkill/rfkill.o
  LD      net/rfkill/built-in.o
  CC      net/sched/sch_generic.o
  CC      net/netfilter/xt_NFLOG.o
  CC [M]  drivers/gpu/drm/amd/amdgpu/../powerplay/hwmgr/smu7_hwmgr.o
  CC      net/netfilter/xt_SECMARK.o
  CC      net/sched/sch_mq.o
  CC      net/netfilter/xt_TCPMSS.o
  CC      net/sched/sch_api.o
  CC      net/netfilter/xt_conntrack.o
  CC [M]  drivers/gpu/drm/amd/amdgpu/../powerplay/hwmgr/smu7_powertune.o
  CC      net/netfilter/xt_policy.o
  CC [M]  drivers/gpu/drm/amd/amdgpu/../powerplay/eventmgr/eventmgr.o
  CC      net/sched/sch_blackhole.o
  CC [M]  drivers/gpu/drm/amd/amdgpu/../powerplay/amd_powerplay.o
  CC      net/netfilter/xt_state.o
  CC      net/sched/cls_api.o
  LD [M]  drivers/gpu/drm/amd/amdgpu/amdgpu.o
  CC [M]  drivers/gpu/drm/bochs/bochs_drv.o
  CC [M]  net/netfilter/nf_log_common.o
  CC      net/sched/act_api.o
  CC [M]  drivers/gpu/drm/bochs/bochs_mm.o
  CC [M]  net/netfilter/nf_nat_core.o
  CC [M]  drivers/gpu/drm/bochs/bochs_kms.o
  CC      net/sched/sch_fifo.o
  CC [M]  drivers/gpu/drm/bochs/bochs_fbdev.o
  CC      net/sched/ematch.o
  CC [M]  net/netfilter/nf_nat_proto_unknown.o
  CC [M]  drivers/gpu/drm/bochs/bochs_hw.o
  LD      net/sched/built-in.o
  CC [M]  net/netfilter/nf_nat_proto_common.o
  CC      net/sunrpc/clnt.o
  LD [M]  drivers/gpu/drm/bochs/bochs-drm.o
  CC [M]  net/netfilter/nf_nat_proto_udp.o
  CC      drivers/gpu/drm/i915/i915_drv.o
  CC [M]  net/netfilter/nf_nat_proto_tcp.o
  CC [M]  net/netfilter/nf_nat_helper.o
  CC      drivers/gpu/drm/i915/i915_irq.o
  CC      net/sunrpc/xprt.o
  CC [M]  net/netfilter/nf_nat_ftp.o
  CC [M]  net/netfilter/nf_nat_irc.o
  CC      net/sunrpc/socklib.o
  CC [M]  net/netfilter/nf_nat_sip.o
  CC      net/sunrpc/xprtsock.o
  CC      drivers/gpu/drm/i915/i915_memcpy.o
  CC [M]  net/netfilter/xt_mark.o
  CC      drivers/gpu/drm/i915/i915_mm.o
  CC      net/sunrpc/sched.o
  CC [M]  net/netfilter/xt_nat.o
  CC      drivers/gpu/drm/i915/i915_params.o
  CC [M]  net/netfilter/xt_LOG.o
  CC      drivers/gpu/drm/i915/i915_pci.o
  CC [M]  net/netfilter/xt_addrtype.o
  CC      net/sunrpc/auth.o
  CC      drivers/gpu/drm/i915/i915_suspend.o
  LD      net/netfilter/netfilter.o
  LD      net/netfilter/nf_conntrack.o
  LD [M]  net/netfilter/nf_nat.o
  CC      drivers/gpu/drm/i915/i915_sw_fence.o
  LD      net/netfilter/built-in.o
  CC      net/sunrpc/auth_null.o
  CC      net/unix/af_unix.o
  CC      net/sunrpc/auth_unix.o
  CC      drivers/gpu/drm/i915/i915_sysfs.o
  CC      drivers/gpu/drm/i915/intel_csr.o
  CC      net/sunrpc/auth_generic.o
  CC      net/unix/garbage.o
  CC      drivers/gpu/drm/i915/intel_device_info.o
  CC      net/sunrpc/svc.o
  CC      net/unix/sysctl_net_unix.o
  LD      net/unix/unix.o
  LD      net/unix/built-in.o
  CC      net/wireless/core.o
  CC      drivers/gpu/drm/i915/intel_pm.o
  CC      net/sunrpc/svcsock.o
  CC      net/sunrpc/svcauth.o
  CC      net/wireless/sysfs.o
  CC      net/sunrpc/svcauth_unix.o
  CC      net/sunrpc/addr.o
  CC      net/wireless/radiotap.o
  CC      net/sunrpc/rpcb_clnt.o
  CC      drivers/gpu/drm/i915/intel_runtime_pm.o
  CC      net/wireless/util.o
  CC      net/sunrpc/timer.o
  CC      net/sunrpc/xdr.o
  CC      drivers/gpu/drm/i915/i915_ioc32.o
  CC      net/sunrpc/sunrpc_syms.o
  CC      net/wireless/reg.o
  CC      drivers/gpu/drm/i915/i915_debugfs.o
  CC      net/sunrpc/cache.o
  CC      net/sunrpc/rpc_pipe.o
  CC      net/sunrpc/svc_xprt.o
  CC      net/wireless/scan.o
  CC      drivers/gpu/drm/i915/i915_cmd_parser.o
  CC      net/sunrpc/xprtmultipath.o
  CC      drivers/gpu/drm/i915/i915_gem_batch_pool.o
  CC      net/wireless/nl80211.o
  CC      net/sunrpc/stats.o
  CC      drivers/gpu/drm/i915/i915_gem_context.o
  CC      net/sunrpc/sysctl.o
  CC      drivers/gpu/drm/i915/i915_gem_dmabuf.o
  CC      net/sunrpc/auth_gss/auth_gss.o
  CC      drivers/gpu/drm/i915/i915_gem_evict.o
  CC      net/sunrpc/auth_gss/gss_mech_switch.o
  CC      drivers/gpu/drm/i915/i915_gem_execbuffer.o
  CC      net/sunrpc/auth_gss/svcauth_gss.o
  CC      drivers/gpu/drm/i915/i915_gem_fence.o
  CC      net/sunrpc/auth_gss/gss_rpc_upcall.o
  CC      drivers/gpu/drm/i915/i915_gem_gtt.o
  CC      net/sunrpc/auth_gss/gss_rpc_xdr.o
  LD      net/sunrpc/auth_gss/auth_rpcgss.o
  LD      net/sunrpc/auth_gss/built-in.o
  CC      net/wireless/mlme.o
  LD      net/sunrpc/sunrpc.o
  LD      net/sunrpc/built-in.o
  CC      net/xfrm/xfrm_policy.o
  CC      drivers/gpu/drm/i915/i915_gem.o
  CC      net/wireless/ibss.o
  CC      net/xfrm/xfrm_state.o
  CC      net/wireless/sme.o
  CC      drivers/gpu/drm/i915/i915_gem_render_state.o
  CC      drivers/gpu/drm/i915/i915_gem_request.o
  CC      net/xfrm/xfrm_hash.o
  CC      net/wireless/chan.o
  CC      drivers/gpu/drm/i915/i915_gem_shrinker.o
  CC      net/xfrm/xfrm_input.o
  CC      net/xfrm/xfrm_output.o
  CC      drivers/gpu/drm/i915/i915_gem_stolen.o
  CC      net/xfrm/xfrm_sysctl.o
  CC      net/wireless/ethtool.o
  CC      drivers/gpu/drm/i915/i915_gem_tiling.o
  CC      net/xfrm/xfrm_replay.o
  CC      drivers/gpu/drm/i915/i915_gem_userptr.o
  CC      net/wireless/mesh.o
  CC      net/xfrm/xfrm_algo.o
  CC      net/wireless/ap.o
  CC      drivers/gpu/drm/i915/i915_gpu_error.o
  CC      net/xfrm/xfrm_user.o
  CC      net/wireless/trace.o
  CC      drivers/gpu/drm/i915/i915_trace_points.o
  LD      net/xfrm/built-in.o
  CC      net/compat.o
  CC      drivers/gpu/drm/i915/intel_breadcrumbs.o
  CC      net/sysctl_net.o
  CC      drivers/gpu/drm/i915/intel_engine_cs.o
  CC      drivers/gpu/drm/i915/intel_lrc.o
  CC [M]  drivers/gpu/drm/ttm/ttm_memory.o
  CC [M]  drivers/gpu/drm/ttm/ttm_tt.o
  CC      drivers/gpu/drm/i915/intel_mocs.o
  CC [M]  drivers/gpu/drm/ttm/ttm_bo.o
  CC      drivers/gpu/drm/i915/intel_ringbuffer.o
  CC      net/wireless/ocb.o
  CC [M]  drivers/gpu/drm/ttm/ttm_bo_util.o
  CC      drivers/gpu/drm/i915/intel_uncore.o
  CC [M]  drivers/gpu/drm/ttm/ttm_bo_vm.o
  LD      net/wireless/cfg80211.o
  LD      net/wireless/built-in.o
  LD      net/built-in.o
  CC [M]  drivers/gpu/drm/ttm/ttm_module.o
  CC [M]  drivers/gpu/drm/vmwgfx/vmwgfx_execbuf.o
  CC [M]  drivers/gpu/drm/ttm/ttm_object.o
  CC [M]  drivers/gpu/drm/ttm/ttm_lock.o
  CC [M]  drivers/gpu/drm/vmwgfx/vmwgfx_gmr.o
  CC [M]  drivers/gpu/drm/ttm/ttm_execbuf_util.o
  CC      drivers/gpu/drm/i915/intel_guc_loader.o
  CC [M]  drivers/gpu/drm/ttm/ttm_page_alloc.o
  CC [M]  drivers/gpu/drm/vmwgfx/vmwgfx_kms.o
  CC [M]  drivers/gpu/drm/ttm/ttm_bo_manager.o
  CC      drivers/gpu/drm/i915/i915_guc_submission.o
  CC [M]  drivers/gpu/drm/ttm/ttm_page_alloc_dma.o
  CC [M]  drivers/gpu/drm/vmwgfx/vmwgfx_drv.o
  CC      drivers/gpu/drm/i915/intel_audio.o
  CC [M]  drivers/gpu/drm/ttm/ttm_agp_backend.o
  CC [M]  drivers/gpu/drm/vmwgfx/vmwgfx_fb.o
  CC      drivers/gpu/drm/i915/intel_atomic.o
  LD [M]  drivers/gpu/drm/ttm/ttm.o
  LD      drivers/gpu/drm/drm_kms_helper.o
  LD      drivers/gpu/drm/drm.o
  CC      drivers/gpu/drm/i915/intel_atomic_plane.o
  CC      drivers/gpu/drm/i915/intel_bios.o
  CC [M]  drivers/gpu/drm/vmwgfx/vmwgfx_ioctl.o
  CC      drivers/gpu/drm/i915/intel_color.o
  CC [M]  drivers/gpu/drm/vmwgfx/vmwgfx_resource.o
  CC      drivers/gpu/drm/i915/intel_display.o
  CC      drivers/gpu/drm/i915/intel_dpio_phy.o
  CC [M]  drivers/gpu/drm/vmwgfx/vmwgfx_buffer.o
  CC      drivers/gpu/drm/i915/intel_dpll_mgr.o
  CC [M]  drivers/gpu/drm/vmwgfx/vmwgfx_fifo.o
  CC [M]  drivers/gpu/drm/vmwgfx/vmwgfx_irq.o
  CC      drivers/gpu/drm/i915/intel_fbc.o
  CC [M]  drivers/gpu/drm/vmwgfx/vmwgfx_ldu.o
  CC [M]  drivers/gpu/drm/vmwgfx/vmwgfx_ttm_glue.o
  CC      drivers/gpu/drm/i915/intel_fifo_underrun.o
  CC [M]  drivers/gpu/drm/vmwgfx/vmwgfx_overlay.o
  CC      drivers/gpu/drm/i915/intel_frontbuffer.o
  CC [M]  drivers/gpu/drm/vmwgfx/vmwgfx_marker.o
  CC      drivers/gpu/drm/i915/intel_hotplug.o
  CC [M]  drivers/gpu/drm/vmwgfx/vmwgfx_gmrid_manager.o
  CC [M]  drivers/gpu/drm/vmwgfx/vmwgfx_fence.o
  CC      drivers/gpu/drm/i915/intel_modes.o
  CC [M]  drivers/gpu/drm/vmwgfx/vmwgfx_dmabuf.o
  CC      drivers/gpu/drm/i915/intel_overlay.o
  CC [M]  drivers/gpu/drm/vmwgfx/vmwgfx_scrn.o
  CC      drivers/gpu/drm/i915/intel_psr.o
  CC [M]  drivers/gpu/drm/vmwgfx/vmwgfx_context.o
  CC      drivers/gpu/drm/i915/intel_sideband.o
  CC      drivers/hid/hid-core.o
  CC [M]  drivers/gpu/drm/vmwgfx/vmwgfx_surface.o
  CC      drivers/gpu/drm/i915/intel_sprite.o
  CC      drivers/hid/hid-input.o
  CC [M]  drivers/gpu/drm/vmwgfx/vmwgfx_prime.o
  CC      drivers/gpu/drm/i915/intel_acpi.o
  CC [M]  drivers/gpu/drm/vmwgfx/vmwgfx_mob.o
  CC      drivers/hid/hid-debug.o
  CC [M]  drivers/gpu/drm/vmwgfx/vmwgfx_shader.o
  CC      drivers/gpu/drm/i915/intel_opregion.o
  CC      drivers/hid/hidraw.o
  CC [M]  drivers/gpu/drm/vmwgfx/vmwgfx_cmdbuf_res.o
  CC      drivers/hid/hid-generic.o
  CC [M]  drivers/gpu/drm/vmwgfx/vmwgfx_cmdbuf.o
  CC      drivers/gpu/drm/i915/intel_fbdev.o
  CC      drivers/hid/hid-a4tech.o
  CC      drivers/hid/hid-apple.o
  CC [M]  drivers/gpu/drm/vmwgfx/vmwgfx_stdu.o
  CC      drivers/hid/hid-belkin.o
  CC      drivers/gpu/drm/i915/dvo_ch7017.o
  CC      drivers/hid/hid-cherry.o
  CC      drivers/hid/hid-chicony.o
  CC [M]  drivers/gpu/drm/vmwgfx/vmwgfx_cotable.o
  CC      drivers/gpu/drm/i915/dvo_ch7xxx.o
  CC      drivers/hid/hid-cypress.o
  CC      drivers/hid/hid-ezkey.o
  CC [M]  drivers/gpu/drm/vmwgfx/vmwgfx_so.o
  CC      drivers/hid/hid-gyration.o
  CC      drivers/gpu/drm/i915/dvo_ivch.o
  CC      drivers/hid/hid-kensington.o
  CC [M]  drivers/gpu/drm/vmwgfx/vmwgfx_binding.o
  CC      drivers/hid/hid-lg.o
  CC      drivers/gpu/drm/i915/dvo_ns2501.o
  CC [M]  drivers/gpu/drm/vmwgfx/vmwgfx_msg.o
  CC      drivers/hid/hid-lgff.o
  LD [M]  drivers/gpu/drm/vmwgfx/vmwgfx.o
  CC      drivers/hid/hid-lg4ff.o
  CC      drivers/gpu/drm/i915/dvo_sil164.o
  CC      drivers/hid/hid-microsoft.o
  CC      drivers/hid/hid-monterey.o
  CC      drivers/hid/hid-ntrig.o
  CC      drivers/hid/hid-pl.o
  CC      drivers/gpu/drm/i915/dvo_tfp410.o
  CC      drivers/hid/hid-petalynx.o
  CC      drivers/hid/hid-samsung.o
  CC      drivers/hid/hid-sony.o
  CC      drivers/hid/hid-sunplus.o
  CC      drivers/gpu/drm/i915/intel_crt.o
  CC      drivers/hid/hid-topseed.o
  CC      drivers/hid/usbhid/hid-core.o
  CC      drivers/gpu/drm/i915/intel_ddi.o
  CC      drivers/gpu/drm/i915/intel_dp_aux_backlight.o
  CC      drivers/hid/usbhid/hid-quirks.o
  CC      drivers/hid/usbhid/hiddev.o
  LD      drivers/hid/hid.o
  LD      drivers/hid/hid-logitech.o
  CC      drivers/hwmon/hwmon.o
  CC      drivers/gpu/drm/i915/intel_dp_link_training.o
  CC      drivers/hid/usbhid/hid-pidff.o
  LD      drivers/hwmon/built-in.o
  CC      drivers/i2c/i2c-boardinfo.o
  CC      drivers/gpu/drm/i915/intel_dp_mst.o
  CC      drivers/i2c/i2c-core.o
  LD      drivers/hid/usbhid/usbhid.o
  LD      drivers/hid/usbhid/built-in.o
  LD      drivers/hid/built-in.o
  CC      drivers/input/input.o
  CC      drivers/gpu/drm/i915/intel_dp.o
  CC      drivers/input/input-compat.o
  CC      drivers/i2c/i2c-smbus.o
  CC      drivers/input/input-mt.o
  CC      drivers/i2c/algos/i2c-algo-bit.o
  CC      drivers/gpu/drm/i915/intel_dsi.o
  LD      drivers/i2c/algos/built-in.o
  CC      drivers/input/ff-core.o
  CC      drivers/i2c/busses/i2c-i801.o
  CC      drivers/input/ff-memless.o
  LD      drivers/i2c/busses/built-in.o
  CC      drivers/input/input-polldev.o
  LD      drivers/i2c/built-in.o
  CC      drivers/input/sparse-keymap.o
  CC      drivers/input/input-leds.o
  CC      drivers/gpu/drm/i915/intel_dsi_dcs_backlight.o
  CC      drivers/input/mousedev.o
  CC      drivers/input/evdev.o
  CC      drivers/gpu/drm/i915/intel_dsi_panel_vbt.o
  CC      drivers/input/keyboard/atkbd.o
  CC      drivers/gpu/drm/i915/intel_dsi_pll.o
  CC      drivers/input/mouse/psmouse-base.o
  LD      drivers/input/keyboard/built-in.o
  CC      drivers/input/touchscreen/of_touchscreen.o
  LD      drivers/input/touchscreen/built-in.o
  LD      drivers/input/input-core.o
  CC      drivers/input/serio/serio.o
  CC      drivers/gpu/drm/i915/intel_dvo.o
  CC      drivers/input/mouse/synaptics.o
  CC      drivers/input/serio/i8042.o
  CC      drivers/gpu/drm/i915/intel_hdmi.o
  CC      drivers/input/mouse/focaltech.o
  CC      drivers/input/mouse/alps.o
  CC      drivers/input/serio/serport.o
  CC      drivers/gpu/drm/i915/intel_i2c.o
  CC      drivers/input/serio/libps2.o
  CC      drivers/input/mouse/byd.o
  CC      drivers/input/mouse/logips2pp.o
  LD      drivers/input/serio/built-in.o
  CC      drivers/iommu/iommu.o
  CC      drivers/gpu/drm/i915/intel_lvds.o
  CC      drivers/input/mouse/lifebook.o
  CC      drivers/input/mouse/trackpoint.o
  CC      drivers/iommu/iommu-traces.o
  CC      drivers/gpu/drm/i915/intel_panel.o
  CC      drivers/input/mouse/cypress_ps2.o
  CC      drivers/iommu/iommu-sysfs.o
  LD      drivers/input/mouse/psmouse.o
  LD      drivers/input/mouse/built-in.o
  LD      drivers/input/built-in.o
  CC      drivers/leds/led-core.o
  CC      drivers/iommu/iova.o
  CC      drivers/gpu/drm/i915/intel_sdvo.o
  CC      drivers/leds/led-class.o
  CC      drivers/leds/led-triggers.o
  CC      drivers/iommu/amd_iommu.o
  LD      drivers/leds/built-in.o
  CC      drivers/macintosh/mac_hid.o
  LD      drivers/macintosh/built-in.o
  CC      drivers/gpu/drm/i915/intel_tv.o
  CC      drivers/md/md.o
  CC      drivers/gpu/drm/i915/i915_vgpu.o
  CC      drivers/iommu/amd_iommu_init.o
  LD      drivers/gpu/drm/i915/i915.o
  LD      drivers/gpu/drm/i915/built-in.o
  LD      drivers/gpu/drm/built-in.o
  LD      drivers/gpu/built-in.o
  CC      drivers/iommu/dmar.o
  CC      drivers/iommu/intel-iommu.o
  CC      drivers/net/mii.o
  CC      drivers/md/bitmap.o
  CC      drivers/net/Space.o
  CC      drivers/net/loopback.o
  CC      drivers/md/dm.o
  LD      drivers/iommu/built-in.o
  CC      drivers/net/netconsole.o
  CC      drivers/pci/access.o
  CC      drivers/net/ethernet/broadcom/tg3.o
  CC      drivers/pci/bus.o
  CC      drivers/md/dm-table.o
  CC      drivers/pci/probe.o
  CC      drivers/md/dm-target.o
  CC      drivers/pci/host-bridge.o
  CC      drivers/md/dm-linear.o
  CC      drivers/pci/remove.o
  CC      drivers/md/dm-stripe.o
  CC      drivers/pci/pci.o
  CC      drivers/md/dm-ioctl.o
  CC      drivers/md/dm-io.o
  CC      drivers/pci/pci-driver.o
  CC      drivers/md/dm-kcopyd.o
  CC      drivers/pci/search.o
  CC      drivers/md/dm-sysfs.o
  CC      drivers/pci/pci-sysfs.o
  CC      drivers/md/dm-stats.o
  CC      drivers/md/dm-rq.o
  CC      drivers/pci/rom.o
  CC      drivers/pci/setup-res.o
  CC      drivers/md/dm-builtin.o
  LD      drivers/net/ethernet/broadcom/built-in.o
  CC      drivers/pci/irq.o
  CC      drivers/md/dm-raid1.o
  CC      drivers/net/ethernet/intel/e100.o
  CC      drivers/pci/vpd.o
  CC      drivers/pci/setup-bus.o
  CC      drivers/md/dm-log.o
  CC      drivers/net/ethernet/intel/e1000/e1000_main.o
  CC      drivers/md/dm-region-hash.o
  CC      drivers/pci/vc.o
  CC      drivers/md/dm-zero.o
  CC      drivers/pci/proc.o
  LD      drivers/md/md-mod.o
  LD      drivers/md/dm-mod.o
  LD      drivers/md/dm-mirror.o
  LD      drivers/md/built-in.o
  CC      drivers/net/phy/phy.o
  CC      drivers/pci/slot.o
  CC      drivers/pci/quirks.o
  CC      drivers/net/phy/phy_device.o
  CC      drivers/net/ethernet/intel/e1000/e1000_hw.o
  CC      drivers/net/phy/mdio_bus.o
  CC      drivers/pci/hotplug/pci_hotplug_core.o
  CC      drivers/net/phy/mdio_device.o
  CC      drivers/pci/hotplug/acpi_pcihp.o
  LD      drivers/pci/hotplug/pci_hotplug.o
  LD      drivers/pci/hotplug/built-in.o
  CC      drivers/pci/pcie/aspm.o
  CC      drivers/net/ethernet/intel/e1000/e1000_ethtool.o
  LD      drivers/net/phy/libphy.o
  LD      drivers/net/phy/built-in.o
  CC      drivers/pci/pcie/portdrv_core.o
  CC      drivers/pci/pcie/portdrv_pci.o
  CC      drivers/pci/pcie/portdrv_bus.o
  CC      drivers/pci/pcie/portdrv_acpi.o
  CC      drivers/net/ethernet/intel/e1000/e1000_param.o
  CC      drivers/pci/pcie/aer/aerdrv_errprint.o
  CC      drivers/pci/pcie/pme.o
  CC      drivers/pci/pcie/aer/aerdrv_core.o
  LD      drivers/net/ethernet/intel/e1000/e1000.o
  LD      drivers/net/ethernet/intel/e1000/built-in.o
  CC      drivers/net/ethernet/intel/e1000e/82571.o
  CC      drivers/pci/pcie/aer/aerdrv.o
  CC      drivers/pcmcia/cs.o
  CC      drivers/net/ethernet/intel/e1000e/ich8lan.o
  CC      drivers/pci/pcie/aer/aerdrv_acpi.o
  CC      drivers/pcmcia/socket_sysfs.o
  CC      drivers/pcmcia/cardbus.o
  LD      drivers/pci/pcie/aer/aerdriver.o
  LD      drivers/pci/pcie/aer/built-in.o
  LD      drivers/pci/pcie/pcieportdrv.o
  LD      drivers/pci/pcie/built-in.o
  CC      drivers/pci/hotplug-pci.o
  CC      drivers/pcmcia/ds.o
  CC      drivers/pci/msi.o
  CC      drivers/net/ethernet/intel/e1000e/80003es2lan.o
  CC      drivers/pcmcia/pcmcia_resource.o
  CC      drivers/pci/htirq.o
  CC      drivers/pci/ats.o
  CC      drivers/net/ethernet/intel/e1000e/mac.o
  CC      drivers/pcmcia/cistpl.o
  CC      drivers/pci/pci-acpi.o
  CC      drivers/net/ethernet/intel/e1000e/manage.o
  CC      drivers/pcmcia/pcmcia_cis.o
  CC      drivers/pci/pci-label.o
  CC      drivers/net/ethernet/intel/e1000e/nvm.o
  CC      drivers/pcmcia/rsrc_mgr.o
  LD      drivers/pci/built-in.o
  CC      drivers/platform/x86/eeepc-laptop.o
  CC      drivers/pcmcia/rsrc_nonstatic.o
  CC      drivers/net/ethernet/intel/e1000e/phy.o
  CC      drivers/pcmcia/yenta_socket.o
  LD      drivers/platform/x86/built-in.o
  LD      drivers/platform/built-in.o
  CC      drivers/pnp/core.o
  CC      drivers/net/ethernet/intel/e1000e/param.o
  CC      drivers/pnp/card.o
  CC      drivers/net/ethernet/intel/e1000e/ethtool.o
  LD      drivers/pcmcia/pcmcia_core.o
  LD      drivers/pcmcia/pcmcia.o
  LD      drivers/pcmcia/pcmcia_rsrc.o
  LD      drivers/pcmcia/built-in.o
  CC      drivers/power/supply/power_supply_core.o
  CC      drivers/pnp/driver.o
  CC      drivers/pnp/resource.o
  CC      drivers/power/supply/power_supply_sysfs.o
  CC      drivers/power/supply/power_supply_leds.o
  LD      drivers/power/supply/power_supply.o
  LD      drivers/power/supply/built-in.o
  LD      drivers/power/built-in.o
  CC      drivers/pnp/manager.o
  CC      drivers/pps/pps.o
  CC      drivers/net/ethernet/intel/e1000e/netdev.o
  CC      drivers/pnp/support.o
  CC      drivers/pps/kapi.o
  CC      drivers/pnp/interface.o
  CC      drivers/pps/sysfs.o
  CC      drivers/pnp/quirks.o
  LD      drivers/pps/pps_core.o
  LD      drivers/pps/built-in.o
  CC      drivers/ptp/ptp_clock.o
  CC      drivers/pnp/system.o
  CC      drivers/ptp/ptp_chardev.o
  CC      drivers/pnp/pnpacpi/core.o
  CC      drivers/ptp/ptp_sysfs.o
  CC      drivers/net/ethernet/intel/e1000e/ptp.o
  CC      drivers/pnp/pnpacpi/rsparser.o
  LD      drivers/ptp/ptp.o
  LD      drivers/ptp/built-in.o
  CC      drivers/ras/ras.o
  LD      drivers/net/ethernet/intel/e1000e/e1000e.o
  LD      drivers/net/ethernet/intel/e1000e/built-in.o
  LD      drivers/net/ethernet/intel/built-in.o
  CC      drivers/net/ethernet/marvell/sky2.o
  LD      drivers/pnp/pnpacpi/pnp.o
  LD      drivers/pnp/pnpacpi/built-in.o
  LD      drivers/pnp/pnp.o
  LD      drivers/pnp/built-in.o
  LD      drivers/ras/built-in.o
  CC      drivers/rtc/rtc-lib.o
  CC      drivers/scsi/scsi.o
  CC      drivers/rtc/systohc.o
  CC      drivers/rtc/class.o
  CC      drivers/scsi/hosts.o
  CC      drivers/rtc/interface.o
  CC      drivers/scsi/scsi_ioctl.o
  CC      drivers/rtc/rtc-dev.o
  CC      drivers/scsi/scsicam.o
  LD      drivers/net/ethernet/marvell/built-in.o
  CC      drivers/rtc/rtc-proc.o
  CC      drivers/net/ethernet/nvidia/forcedeth.o
  CC      drivers/scsi/scsi_error.o
  CC      drivers/rtc/rtc-sysfs.o
  CC      drivers/rtc/rtc-mc146818-lib.o
  CC      drivers/rtc/rtc-cmos.o
  CC      drivers/scsi/scsi_lib.o
  LD      drivers/rtc/rtc-core.o
  LD      drivers/rtc/built-in.o
  CC      drivers/thermal/thermal_core.o
  CC      drivers/scsi/constants.o
  LD      drivers/net/ethernet/nvidia/built-in.o
  CC      drivers/scsi/scsi_lib_dma.o
  CC      drivers/net/ethernet/realtek/8139too.o
  CC      drivers/scsi/scsi_scan.o
  CC      drivers/thermal/thermal_hwmon.o
  CC      drivers/thermal/step_wise.o
  LD      drivers/net/ethernet/realtek/built-in.o
  CC      drivers/thermal/user_space.o
  LD      drivers/net/ethernet/built-in.o
  CC      drivers/scsi/scsi_sysfs.o
  CC [M]  drivers/thermal/x86_pkg_temp_thermal.o
  LD      drivers/net/built-in.o
  CC      drivers/tty/tty_io.o
  LD      drivers/thermal/thermal_sys.o
  LD      drivers/thermal/built-in.o
  CC      drivers/usb/class/usblp.o
  CC      drivers/scsi/scsi_devinfo.o
  CC      drivers/scsi/scsi_sysctl.o
  LD      drivers/usb/class/built-in.o
  CC      drivers/usb/common/common.o
  CC      drivers/scsi/scsi_proc.o
  LD      drivers/usb/common/usb-common.o
  LD      drivers/usb/common/built-in.o
  CC      drivers/usb/core/usb.o
  CC      drivers/tty/n_tty.o
  CC      drivers/scsi/scsi_trace.o
  CC      drivers/scsi/scsi_logging.o
  CC      drivers/usb/core/hub.o
  CC      drivers/scsi/scsi_pm.o
  CC      drivers/tty/tty_ioctl.o
  CC      drivers/scsi/scsi_transport_spi.o
  CC      drivers/tty/tty_ldisc.o
  CC      drivers/tty/tty_buffer.o
  CC      drivers/usb/core/hcd.o
  CC      drivers/tty/tty_port.o
  CC      drivers/scsi/sd.o
  CC      drivers/tty/tty_mutex.o
  CC      drivers/usb/core/urb.o
  CC      drivers/tty/tty_ldsem.o
  CC      drivers/tty/pty.o
  CC      drivers/usb/core/message.o
  CC      drivers/tty/tty_audit.o
  CC      drivers/scsi/sr.o
  CC      drivers/tty/sysrq.o
  CC      drivers/tty/serial/serial_core.o
  CC      drivers/usb/core/driver.o
  CC      drivers/scsi/sr_ioctl.o
  CC      drivers/usb/core/config.o
  CC      drivers/scsi/sr_vendor.o
  CC      drivers/scsi/sg.o
  CC      drivers/tty/serial/earlycon.o
  CC      drivers/usb/core/file.o
  CC      drivers/usb/core/buffer.o
  CC      drivers/tty/serial/8250/8250_core.o
  CC      drivers/usb/core/sysfs.o
  LD      drivers/scsi/scsi_mod.o
  LD      drivers/scsi/sd_mod.o
  LD      drivers/scsi/sr_mod.o
  LD      drivers/scsi/built-in.o
  CC      drivers/video/hdmi.o
  CC      drivers/tty/serial/8250/8250_pnp.o
  CC      drivers/usb/core/endpoint.o
  CC      drivers/video/backlight/backlight.o
  CC      drivers/tty/serial/8250/8250_port.o
  CC      drivers/usb/core/devio.o
  CC      drivers/video/backlight/generic_bl.o
  LD      drivers/video/backlight/built-in.o
  CC      drivers/video/console/vgacon.o
  CC      drivers/tty/serial/8250/8250_dma.o
  CC      drivers/usb/core/notify.o
  CC      drivers/tty/serial/8250/8250_pci.o
  CC      drivers/usb/core/generic.o
  CC      drivers/video/console/fbcon.o
  CC      drivers/usb/core/quirks.o
  CC      drivers/tty/serial/8250/8250_early.o
  CC      drivers/usb/core/devices.o
  CC      drivers/tty/serial/8250/8250_lpss.o
  CC      drivers/usb/core/port.o
  CC      drivers/tty/serial/8250/8250_mid.o
  CC      drivers/video/console/bitblit.o
  CC      drivers/usb/core/hcd-pci.o
  LD      drivers/tty/serial/8250/8250.o
  LD      drivers/tty/serial/8250/8250_base.o
  LD      drivers/tty/serial/8250/built-in.o
  LD      drivers/tty/serial/built-in.o
  CC      drivers/tty/vt/vt_ioctl.o
  CC      drivers/usb/core/usb-acpi.o
  CC      drivers/video/console/softcursor.o
  CC      drivers/video/console/tileblit.o
  CC      drivers/tty/vt/vc_screen.o
  LD      drivers/usb/core/usbcore.o
  LD      drivers/usb/core/built-in.o
  CC      drivers/usb/early/ehci-dbgp.o
  LD      drivers/video/console/built-in.o
  CC [M]  drivers/video/fbdev/aty/radeon_base.o
  CC      drivers/tty/vt/selection.o
  LD      drivers/usb/early/built-in.o
  CC      drivers/usb/host/pci-quirks.o
  CC      drivers/tty/vt/keyboard.o
  CC [M]  drivers/video/fbdev/aty/radeon_pm.o
  CC      drivers/usb/host/ehci-hcd.o
  CC      drivers/tty/vt/consolemap.o
  CC [M]  drivers/video/fbdev/aty/radeon_monitor.o
  CC      drivers/tty/vt/vt.o
  CC [M]  drivers/video/fbdev/aty/radeon_accel.o
  CC [M]  drivers/video/fbdev/aty/radeon_i2c.o
  CC [M]  drivers/video/fbdev/aty/radeon_backlight.o
  CC      drivers/usb/host/ehci-pci.o
  LD [M]  drivers/video/fbdev/aty/radeonfb.o
  CC      drivers/video/fbdev/core/fb_cmdline.o
  CC      drivers/usb/host/ohci-hcd.o
  CC      drivers/video/fbdev/core/fb_notify.o
  LD      drivers/tty/vt/built-in.o
  LD      drivers/tty/built-in.o
  CC [M]  drivers/video/vgastate.o
  CC      drivers/video/fbdev/core/fbmem.o
  CC      drivers/usb/mon/mon_main.o
  CC      drivers/video/fbdev/core/fbmon.o
  CC      drivers/usb/host/ohci-pci.o
  CC      drivers/usb/mon/mon_stat.o
  CC      drivers/usb/host/uhci-hcd.o
  CC      drivers/usb/mon/mon_text.o
  CC      drivers/video/fbdev/core/fbcmap.o
  CC      drivers/usb/mon/mon_bin.o
  CC      drivers/video/fbdev/core/fbsysfs.o
  LD      drivers/usb/host/built-in.o
  CC      drivers/usb/storage/scsiglue.o
  LD      drivers/usb/mon/usbmon.o
  LD      drivers/usb/mon/built-in.o
  CC      drivers/video/fbdev/core/modedb.o
  CC      drivers/video/fbdev/core/fbcvt.o
  CC      drivers/usb/storage/protocol.o
  CC      drivers/usb/storage/transport.o
  CC      drivers/video/fbdev/core/fb_defio.o
  CC      drivers/usb/storage/usb.o
  CC      drivers/video/fbdev/core/cfbfillrect.o
  CC      drivers/usb/storage/initializers.o
  CC      drivers/video/fbdev/core/cfbcopyarea.o
  CC      drivers/usb/storage/sierra_ms.o
  CC      drivers/usb/storage/option_ms.o
  CC      drivers/video/fbdev/core/cfbimgblt.o
  CC      drivers/usb/storage/usual-tables.o
  CC [M]  drivers/video/fbdev/matrox/matroxfb_base.o
  CC      drivers/video/fbdev/core/sysfillrect.o
  LD      drivers/usb/storage/usb-storage.o
  LD      drivers/usb/storage/built-in.o
  LD      drivers/usb/built-in.o
  CC      drivers/video/fbdev/core/syscopyarea.o
  CC      drivers/video/fbdev/core/sysimgblt.o
  CC      drivers/video/fbdev/core/fb_sys_fops.o
  CC [M]  drivers/video/fbdev/matrox/matroxfb_accel.o
  CC [M]  drivers/video/fbdev/core/fb_ddc.o
  LD      drivers/video/fbdev/core/fb.o
  CC      drivers/video/fbdev/vesafb.o
  LD      drivers/video/fbdev/core/built-in.o
  CC      drivers/video/fbdev/efifb.o
  CC [M]  drivers/video/fbdev/matrox/matroxfb_DAC1064.o
  CC [M]  drivers/video/fbdev/gxt4500.o
  CC [M]  drivers/video/fbdev/uvesafb.o
  CC [M]  drivers/video/fbdev/matrox/matroxfb_Ti3026.o
  CC [M]  drivers/video/fbdev/vga16fb.o
  CC [M]  drivers/video/fbdev/matrox/matroxfb_misc.o
  CC [M]  drivers/video/fbdev/vfb.o
  LD      drivers/video/fbdev/built-in.o
  LD      drivers/video/built-in.o
  LD      drivers/built-in.o
  LD      vmlinux.o
  MODPOST vmlinux.o
  GEN     .version
  CHK     include/generated/compile.h
  UPD     include/generated/compile.h
  CC      init/version.o
  LD      init/built-in.o
  KSYM    .tmp_kallsyms1.o
  KSYM    .tmp_kallsyms2.o
  LD      vmlinux
  SORTEX  vmlinux
  SYSMAP  System.map
  CC      arch/x86/boot/version.o
  Building modules, stage 2.
  AS      arch/x86/boot/compressed/head_64.o
  VOFFSET arch/x86/boot/compressed/../voffset.h
  MODPOST 34 modules
  OBJCOPY arch/x86/boot/compressed/vmlinux.bin
  LD [M]  drivers/gpu/drm/amd/amdgpu/amdgpu.ko
  LD [M]  drivers/gpu/drm/bochs/bochs-drm.ko
  LD [M]  drivers/gpu/drm/ttm/ttm.ko
  LD [M]  drivers/gpu/drm/vmwgfx/vmwgfx.ko
  LD [M]  drivers/thermal/x86_pkg_temp_thermal.ko
  LD [M]  drivers/video/fbdev/aty/radeonfb.ko
  LD [M]  drivers/video/fbdev/core/fb_ddc.ko
  LD [M]  drivers/video/fbdev/gxt4500.ko
  LD [M]  drivers/video/fbdev/matrox/matroxfb_DAC1064.ko
  LD [M]  drivers/video/fbdev/matrox/matroxfb_Ti3026.ko
  LD [M]  drivers/video/fbdev/matrox/matroxfb_accel.ko
  LD [M]  drivers/video/fbdev/matrox/matroxfb_base.ko
  LD [M]  drivers/video/fbdev/matrox/matroxfb_misc.ko
  LD [M]  drivers/video/fbdev/uvesafb.ko
  LD [M]  drivers/video/fbdev/vfb.ko
  LD [M]  drivers/video/fbdev/vga16fb.ko
  CC      arch/x86/boot/compressed/misc.o
  GZIP    arch/x86/boot/compressed/vmlinux.bin.gz
  LD [M]  drivers/video/vgastate.ko
  LD [M]  fs/efivarfs/efivarfs.ko
  LD [M]  net/ipv4/netfilter/ipt_MASQUERADE.ko
  LD [M]  net/ipv4/netfilter/iptable_nat.ko
  LD [M]  net/ipv4/netfilter/nf_log_arp.ko
  LD [M]  net/ipv4/netfilter/nf_log_ipv4.ko
  LD [M]  net/ipv4/netfilter/nf_nat_ipv4.ko
  LD [M]  net/ipv4/netfilter/nf_nat_masquerade_ipv4.ko
  LD [M]  net/ipv6/netfilter/nf_log_ipv6.ko
  LD [M]  net/netfilter/nf_log_common.ko
  LD [M]  net/netfilter/nf_nat.ko
  LD [M]  net/netfilter/nf_nat_ftp.ko
  LD [M]  net/netfilter/nf_nat_irc.ko
  LD [M]  net/netfilter/nf_nat_sip.ko
  LD [M]  net/netfilter/xt_LOG.ko
  LD [M]  net/netfilter/xt_addrtype.ko
  LD [M]  net/netfilter/xt_mark.ko
  LD [M]  net/netfilter/xt_nat.ko
  MKPIGGY arch/x86/boot/compressed/piggy.S
  AS      arch/x86/boot/compressed/piggy.o
  DATAREL arch/x86/boot/compressed/vmlinux
  LD      arch/x86/boot/compressed/vmlinux
  ZOFFSET arch/x86/boot/zoffset.h
  OBJCOPY arch/x86/boot/vmlinux.bin
  AS      arch/x86/boot/header.o
  LD      arch/x86/boot/setup.elf
  OBJCOPY arch/x86/boot/setup.bin
  BUILD   arch/x86/boot/bzImage
Setup is 16252 bytes (padded to 16384 bytes).
System is 6489 kB
CRC d88d1010
Kernel: arch/x86/boot/bzImage is ready  (#5)
